#
# A fatal error has been detected by the Java Runtime Environment:
#
#  SIGSEGV (0xb) at pc=0x000074336e5e9e51, pid=7379, tid=99991
#
# JRE version: OpenJDK Runtime Environment Temurin-21.0.5+11 (21.0.5+11) (build 21.0.5+11-LTS)
# Java VM: OpenJDK 64-Bit Server VM Temurin-21.0.5+11 (21.0.5+11-LTS, mixed mode, sharing, tiered, compressed oops, compressed class ptrs, parallel gc, linux-amd64)
# Problematic frame:
# V  [libjvm.so+0x5e9e51]  ciObjectFactory::create_new_metadata(Metadata*)+0x41
#
# Core dump will be written. Default location: Core dumps may be processed with "/usr/share/apport/apport -p%p -s%s -c%c -d%d -P%P -u%u -g%g -- %E" (or dumping to /home/datdo/Documents/lamaspuz-project/core.7379)
#
# If you would like to submit a bug report, please visit:
#   https://github.com/adoptium/adoptium-support/issues
#

---------------  S U M M A R Y ------------

Command Line: --add-modules=ALL-SYSTEM --add-opens=java.base/java.util=ALL-UNNAMED --add-opens=java.base/java.lang=ALL-UNNAMED --add-opens=java.base/sun.nio.fs=ALL-UNNAMED -Declipse.application=org.eclipse.jdt.ls.core.id1 -Dosgi.bundles.defaultStartLevel=4 -Declipse.product=org.eclipse.jdt.ls.core.product -Djava.import.generatesMetadataFilesAtProjectRoot=false -DDetectVMInstallationsJob.disabled=true -Dfile.encoding=utf8 -XX:+UseParallelGC -XX:GCTimeRatio=4 -XX:AdaptiveSizePolicyWeight=90 -Dsun.zip.disableMemoryMapping=true -Xmx1G -Xms100m -Xlog:disable -javaagent:/home/datdo/.vscode/extensions/redhat.java-1.39.0-linux-x64/lombok/lombok-1.18.34.jar -XX:+HeapDumpOnOutOfMemoryError -XX:HeapDumpPath=/home/datdo/.config/Code/User/workspaceStorage/ed8a8ec1d19a80ae260225c1f06b1e9a/redhat.java -Daether.dependencyCollector.impl=bf /home/datdo/.vscode/extensions/redhat.java-1.39.0-linux-x64/server/plugins/org.eclipse.equinox.launcher_1.6.900.v20240613-2009.jar -configuration /home/datdo/.config/Code/User/globalStorage/redhat.java/1.39.0/config_linux -data /home/datdo/.config/Code/User/workspaceStorage/ed8a8ec1d19a80ae260225c1f06b1e9a/redhat.java/jdt_ws --pipe=/run/user/1000/lsp-46ed341f50f88b8bf7903bedadd0209d.sock

Host: Intel(R) Core(TM) i5-6300U CPU @ 2.40GHz, 4 cores, 7G, Ubuntu 24.04.1 LTS
Time: Mon Feb 10 11:26:17 2025 +07 elapsed time: 5039.697620 seconds (0d 1h 23m 59s)

---------------  T H R E A D  ---------------

Current thread (0x00007432d42813c0):  JavaThread "C2 CompilerThread1" daemon [_thread_in_vm, id=99991, stack(0x000074330c500000,0x000074330c600000) (1024K)]


Current CompileTask:
C2:5039697 9742       4       lombok.launch.PatchFixesHider$Delegate::isDelegateSourceMethod (21 bytes)

Stack: [0x000074330c500000,0x000074330c600000],  sp=0x000074330c5fac90,  free space=1003k
Native frames: (J=compiled Java code, j=interpreted, Vv=VM code, C=native code)
V  [libjvm.so+0x5e9e51]  ciObjectFactory::create_new_metadata(Metadata*)+0x41
V  [libjvm.so+0x5ea160]  ciObjectFactory::get_metadata(Metadata*)+0x80
V  [libjvm.so+0x5db393]  ciMemberName::get_vmtarget() const+0xa3
V  [libjvm.so+0x59d0fd]  CallGenerator::for_method_handle_inline(JVMState*, ciMethod*, ciMethod*, bool, bool&)+0x20d
V  [libjvm.so+0x59d966]  CallGenerator::for_method_handle_call(JVMState*, ciMethod*, ciMethod*, bool)+0x26
V  [libjvm.so+0x7613b1]  Compile::call_generator(ciMethod*, int, bool, JVMState*, bool, float, ciKlass*, bool)+0x931
V  [libjvm.so+0x761c8e]  Parse::do_call()+0x19e
V  [libjvm.so+0xd39355]  Parse::do_one_block()+0x1d5
V  [libjvm.so+0xd39785]  Parse::do_all_blocks()+0xe5
V  [libjvm.so+0xd3bed5]  Parse::Parse(JVMState*, ciMethod*, float)+0x725
V  [libjvm.so+0x59917b]  ParseGenerator::generate(JVMState*)+0x8b
V  [libjvm.so+0x761ce8]  Parse::do_call()+0x1f8
V  [libjvm.so+0xd39355]  Parse::do_one_block()+0x1d5
V  [libjvm.so+0xd39785]  Parse::do_all_blocks()+0xe5
V  [libjvm.so+0xd3bed5]  Parse::Parse(JVMState*, ciMethod*, float)+0x725
V  [libjvm.so+0x59917b]  ParseGenerator::generate(JVMState*)+0x8b
V  [libjvm.so+0x761ce8]  Parse::do_call()+0x1f8
V  [libjvm.so+0xd39355]  Parse::do_one_block()+0x1d5
V  [libjvm.so+0xd39785]  Parse::do_all_blocks()+0xe5
V  [libjvm.so+0xd3bed5]  Parse::Parse(JVMState*, ciMethod*, float)+0x725
V  [libjvm.so+0x59917b]  ParseGenerator::generate(JVMState*)+0x8b
V  [libjvm.so+0x761ce8]  Parse::do_call()+0x1f8
V  [libjvm.so+0xd39355]  Parse::do_one_block()+0x1d5
V  [libjvm.so+0xd39785]  Parse::do_all_blocks()+0xe5
V  [libjvm.so+0xd3bed5]  Parse::Parse(JVMState*, ciMethod*, float)+0x725
V  [libjvm.so+0x59917b]  ParseGenerator::generate(JVMState*)+0x8b
V  [libjvm.so+0x59aad9]  PredictedCallGenerator::generate(JVMState*)+0x2f9
V  [libjvm.so+0x761ce8]  Parse::do_call()+0x1f8
V  [libjvm.so+0xd39355]  Parse::do_one_block()+0x1d5
V  [libjvm.so+0xd39785]  Parse::do_all_blocks()+0xe5
V  [libjvm.so+0xd3bed5]  Parse::Parse(JVMState*, ciMethod*, float)+0x725
V  [libjvm.so+0x59917b]  ParseGenerator::generate(JVMState*)+0x8b
V  [libjvm.so+0x59aad9]  PredictedCallGenerator::generate(JVMState*)+0x2f9
V  [libjvm.so+0x761ce8]  Parse::do_call()+0x1f8
V  [libjvm.so+0xd39355]  Parse::do_one_block()+0x1d5
V  [libjvm.so+0xd39785]  Parse::do_all_blocks()+0xe5
V  [libjvm.so+0xd3bed5]  Parse::Parse(JVMState*, ciMethod*, float)+0x725
V  [libjvm.so+0x59917b]  ParseGenerator::generate(JVMState*)+0x8b
V  [libjvm.so+0x59aad9]  PredictedCallGenerator::generate(JVMState*)+0x2f9
V  [libjvm.so+0x761ce8]  Parse::do_call()+0x1f8
V  [libjvm.so+0xd39355]  Parse::do_one_block()+0x1d5
V  [libjvm.so+0xd39785]  Parse::do_all_blocks()+0xe5
V  [libjvm.so+0xd3bed5]  Parse::Parse(JVMState*, ciMethod*, float)+0x725
V  [libjvm.so+0x59917b]  ParseGenerator::generate(JVMState*)+0x8b
V  [libjvm.so+0x761ce8]  Parse::do_call()+0x1f8
V  [libjvm.so+0xd39355]  Parse::do_one_block()+0x1d5
V  [libjvm.so+0xd39785]  Parse::do_all_blocks()+0xe5
V  [libjvm.so+0xd3bed5]  Parse::Parse(JVMState*, ciMethod*, float)+0x725
V  [libjvm.so+0x59917b]  ParseGenerator::generate(JVMState*)+0x8b
V  [libjvm.so+0x671ca6]  Compile::Compile(ciEnv*, ciMethod*, int, Options, DirectiveSet*)+0xd66
V  [libjvm.so+0x597fbb]  C2Compiler::compile_method(ciEnv*, ciMethod*, int, bool, DirectiveSet*)+0x18b
V  [libjvm.so+0x67833e]  CompileBroker::invoke_compiler_on_method(CompileTask*)+0xc9e
V  [libjvm.so+0x67b538]  CompileBroker::compiler_thread_loop()+0x6a8
V  [libjvm.so+0x92a798]  JavaThread::thread_main_inner()+0x1d8
V  [libjvm.so+0xf7eeb8]  Thread::call_run()+0xa8
V  [libjvm.so+0xd08a8a]  thread_native_entry(Thread*)+0xda
C  [libc.so.6+0x9caa4]

siginfo: si_signo: 11 (SIGSEGV), si_code: 1 (SEGV_MAPERR), si_addr: 0x000010336f4e0e78

Registers:
RAX=0x000010336f4e0e70, RBX=0x00007432d42813c0, RCX=0x00007432d8072798, RDX=0x000074325c20f6e0
RSP=0x000074330c5fac90, RBP=0x000074330c5facd0, RSI=0x000074330571e0c0, RDI=0x000074330571e0c0
R8 =0x000074330c5faf0f, R9 =0x0000000000000002, R10=0x000074336f575900, R11=0x0000000000000058
R12=0x000074330571e0c0, R13=0x00007432d427fae0, R14=0x00007432d838ff80, R15=0x000000000000010d
RIP=0x000074336e5e9e51, EFLAGS=0x0000000000010206, CSGSFS=0x002b000000000033, ERR=0x0000000000000004
  TRAPNO=0x000000000000000e


Register to memory mapping:

RAX=0x000010336f4e0e70 is an unknown value
RBX=0x00007432d42813c0 is a thread
RCX=0x00007432d8072798 points into unknown readable memory: 0x000074336f4bfba8 | a8 fb 4b 6f 33 74 00 00
RDX=0x000074325c20f6e0 points into unknown readable memory: 0x0000000000000003 | 03 00 00 00 00 00 00 00
RSP=0x000074330c5fac90 is pointing into the stack for thread: 0x00007432d42813c0
RBP=0x000074330c5facd0 is pointing into the stack for thread: 0x00007432d42813c0
RSI=0x000074330571e0c0 is pointing into metadata
RDI=0x000074330571e0c0 is pointing into metadata
R8 =0x000074330c5faf0f is pointing into the stack for thread: 0x00007432d42813c0
R9 =0x0000000000000002 is an unknown value
R10=0x000074336f575900: <offset 0x0000000001575900> in /home/datdo/.vscode/extensions/redhat.java-1.39.0-linux-x64/jre/21.0.5-linux-x86_64/lib/server/libjvm.so at 0x000074336e000000
R11=0x0000000000000058 is an unknown value
R12=0x000074330571e0c0 is pointing into metadata
R13=0x00007432d427fae0 points into unknown readable memory: 0x000074330c5fe698 | 98 e6 5f 0c 33 74 00 00
R14=0x00007432d838ff80 points into unknown readable memory: 0x000074336f4bfba8 | a8 fb 4b 6f 33 74 00 00
R15=0x000000000000010d is an unknown value

Top of Stack: (sp=0x000074330c5fac90)
0x000074330c5fac90:   000074330571e0c0 00007432d42813c0
0x000074330c5faca0:   000074330c5facd0 000074336ef9249b
0x000074330c5facb0:   000000000000001b 000074330571e0c0
0x000074330c5facc0:   00007432d427fae0 00007432d838ff80
0x000074330c5facd0:   000074330c5fad10 000074336e5ea160
0x000074330c5face0:   00000000ffffffff 00007432d42813c0
0x000074330c5facf0:   000074330571e0c0 00007432d838f6f8
0x000074330c5fad00:   00007432d838ff80 000074330c5fadc0
0x000074330c5fad10:   000074330c5fad40 000074336e5db393
0x000074330c5fad20:   000074330c5fad40 000074330c5faf0f
0x000074330c5fad30:   00007432d8869048 00007432d838f6f8
0x000074330c5fad40:   000074330c5faee0 000074336e59d0fd
0x000074330c5fad50:   000074330c5fad80 0000000000000002
0x000074330c5fad60:   00007432d8381a10 000074336e5e84a9
0x000074330c5fad70:   00007432d838f6f8 000074330c5fd010
0x000074330c5fad80:   000000010c5fadb0 00007432d8092460
0x000074330c5fad90:   0000000000000000 00007432d838ff80
0x000074330c5fada0:   000074320000018a 000074330c5fdad0
0x000074330c5fadb0:   000074330c5fae00 000074336e5caf2c
0x000074330c5fadc0:   000074336f421ff0 0000743300000001
0x000074330c5fadd0:   000074330c5fdad0 000074330c5fe690
0x000074330c5fade0:   000074330c5fd010 00007432d8381940
0x000074330c5fadf0:   0000000000000000 000074330000000a
0x000074330c5fae00:   00007432d838f6f8 0000743368043330
0x000074330c5fae10:   0000743200000000 0000743300000058
0x000074330c5fae20:   00007432d4281c30 000074330c5faf00
0x000074330c5fae30:   000074330c5fae70 000074336e5fc05a
0x000074330c5fae40:   000074330d70a8b0 00007432d42813c0
0x000074330c5fae50:   00007432d42813c0 000074330c5faf00
0x000074330c5fae60:   00007432d838ff80 000074330c5faea0
0x000074330c5fae70:   000074330c5faee0 00007432d8390190
0x000074330c5fae80:   000074330c5faec0 000074336edab7dd 

Instructions: (pc=0x000074336e5e9e51)
0x000074336e5e9d51:   75 ed 48 83 c4 08 4c 89 e0 5b 41 5c 41 5d 5d c3
0x000074336e5e9d61:   0f 1f 80 00 00 00 00 48 8b 33 bf 20 00 00 00 e8
0x000074336e5e9d71:   bb 61 e4 ff 49 89 c4 48 85 c0 74 0b 44 89 ee 48
0x000074336e5e9d81:   89 c7 e8 08 3d 01 00 8b b3 98 00 00 00 4c 89 e7
0x000074336e5e9d91:   8d 46 01 89 83 98 00 00 00 e8 b1 ed fd ff 48 63
0x000074336e5e9da1:   43 68 3b 43 6c 74 20 8d 50 01 89 53 68 48 8b 53
0x000074336e5e9db1:   70 4c 89 24 c2 48 83 c4 08 4c 89 e0 5b 41 5c 41
0x000074336e5e9dc1:   5d 5d c3 0f 1f 40 00 8d 70 01 85 f6 7e 21 85 f0
0x000074336e5e9dd1:   75 1d 48 8d 7b 68 e8 64 32 00 00 48 63 43 68 8d
0x000074336e5e9de1:   50 01 89 53 68 48 8b 53 70 4c 89 24 c2 eb c6 0f
0x000074336e5e9df1:   bd f6 b9 20 00 00 00 83 f6 1f 29 f1 be 01 00 00
0x000074336e5e9e01:   00 d3 e6 eb cd 66 2e 0f 1f 84 00 00 00 00 00 55
0x000074336e5e9e11:   48 89 e5 41 56 41 55 49 89 fd 41 54 49 89 f4 53
0x000074336e5e9e21:   48 83 ec 20 66 48 8d 3d 93 e5 ef 00 66 66 48 e8
0x000074336e5e9e31:   3b 8c cb ff 66 49 0f 6e cc 4c 89 e7 48 8b 18 49
0x000074336e5e9e41:   8b 04 24 66 48 0f 6e d3 66 0f 6c ca 0f 29 4d c0
0x000074336e5e9e51:   ff 50 08 84 c0 74 58 41 8b 44 24 0c 83 f8 04 0f
0x000074336e5e9e61:   8e 8a 01 00 00 83 f8 06 0f 84 b9 01 00 00 83 f8
0x000074336e5e9e71:   05 0f 85 47 02 00 00 49 8b 75 00 bf 30 00 00 00
0x000074336e5e9e81:   e8 aa 60 e4 ff 49 89 c5 48 85 c0 74 0b 4c 89 e6
0x000074336e5e9e91:   48 89 c7 e8 47 40 01 00 48 83 c4 20 4c 89 e8 5b
0x000074336e5e9ea1:   41 5c 41 5d 41 5e 5d c3 0f 1f 80 00 00 00 00 49
0x000074336e5e9eb1:   8b 04 24 4c 89 e7 ff 50 10 84 c0 0f 85 8e 00 00
0x000074336e5e9ec1:   00 49 8b 04 24 4c 89 e7 ff 50 18 84 c0 0f 84 eb
0x000074336e5e9ed1:   01 00 00 4d 8b 74 24 08 66 48 0f 6e e3 66 49 0f
0x000074336e5e9ee1:   6e c6 66 0f 6c c4 0f 29 45 d0 4d 85 f6 74 20 48
0x000074336e5e9ef1:   8b 9b 28 03 00 00 48 63 03 3b 43 04 0f 84 8d 01
0x000074336e5e9f01:   00 00 8d 50 01 89 13 48 8b 53 08 4c 89 34 c2 49
0x000074336e5e9f11:   8b 75 00 bf b0 00 00 00 e8 12 60 e4 ff 49 89 c5
0x000074336e5e9f21:   48 85 c0 74 0b 4c 89 e6 48 89 c7 e8 af 84 ff ff
0x000074336e5e9f31:   48 8d 7d d0 e8 66 4b 2b 00 48 83 c4 20 4c 89 e8
0x000074336e5e9f41:   5b 41 5c 41 5d 41 5e 5d c3 66 0f 1f 44 00 00 66 


Stack slot to memory mapping:

stack at sp + 0 slots: 0x000074330571e0c0 is pointing into metadata
stack at sp + 1 slots: 0x00007432d42813c0 is a thread
stack at sp + 2 slots: 0x000074330c5facd0 is pointing into the stack for thread: 0x00007432d42813c0
stack at sp + 3 slots: 0x000074336ef9249b: <offset 0x0000000000f9249b> in /home/datdo/.vscode/extensions/redhat.java-1.39.0-linux-x64/jre/21.0.5-linux-x86_64/lib/server/libjvm.so at 0x000074336e000000
stack at sp + 4 slots: 0x000000000000001b is an unknown value
stack at sp + 5 slots: 0x000074330571e0c0 is pointing into metadata
stack at sp + 6 slots: 0x00007432d427fae0 points into unknown readable memory: 0x000074330c5fe698 | 98 e6 5f 0c 33 74 00 00
stack at sp + 7 slots: 0x00007432d838ff80 points into unknown readable memory: 0x000074336f4bfba8 | a8 fb 4b 6f 33 74 00 00


---------------  P R O C E S S  ---------------

Threads class SMR info:
_java_thread_list=0x00007432d4281f70, length=25, elements={
0x000074336802a7c0, 0x00007433680f1570, 0x00007433680f29d0, 0x00007433680f4050,
0x00007433680f5650, 0x00007433680f6bb0, 0x00007433680f86b0, 0x00007433680f9d30,
0x000074336816a0a0, 0x000074336824bf80, 0x00007433683f4780, 0x0000743368459510,
0x00007432a401b530, 0x000074336845c560, 0x00007432983a53f0, 0x0000743298479330,
0x00007432983ebb20, 0x0000743278001c20, 0x000074326c000ff0, 0x00007432989c2ed0,
0x000074336811d390, 0x0000743368226bd0, 0x0000743368227b70, 0x00007432ec000ff0,
0x00007432d42813c0
}

Java Threads: ( => current thread )
  0x000074336802a7c0 JavaThread "main"                              [_thread_blocked, id=7380, stack(0x000074336de17000,0x000074336df17000) (1024K)]
  0x00007433680f1570 JavaThread "Reference Handler"          daemon [_thread_blocked, id=7385, stack(0x000074336c4f2000,0x000074336c5f2000) (1024K)]
  0x00007433680f29d0 JavaThread "Finalizer"                  daemon [_thread_blocked, id=7386, stack(0x000074336c3f2000,0x000074336c4f2000) (1024K)]
  0x00007433680f4050 JavaThread "Signal Dispatcher"          daemon [_thread_blocked, id=7387, stack(0x000074336c2f2000,0x000074336c3f2000) (1024K)]
  0x00007433680f5650 JavaThread "Service Thread"             daemon [_thread_blocked, id=7388, stack(0x000074336c1f2000,0x000074336c2f2000) (1024K)]
  0x00007433680f6bb0 JavaThread "Monitor Deflation Thread"   daemon [_thread_blocked, id=7389, stack(0x000074336c0f2000,0x000074336c1f2000) (1024K)]
  0x00007433680f86b0 JavaThread "C2 CompilerThread0"         daemon [_thread_blocked, id=7390, stack(0x0000743367f00000,0x0000743368000000) (1024K)]
  0x00007433680f9d30 JavaThread "C1 CompilerThread0"         daemon [_thread_blocked, id=7391, stack(0x0000743355500000,0x0000743355600000) (1024K)]
  0x000074336816a0a0 JavaThread "Common-Cleaner"             daemon [_thread_blocked, id=7399, stack(0x0000743355400000,0x0000743355500000) (1024K)]
  0x000074336824bf80 JavaThread "Notification Thread"        daemon [_thread_blocked, id=7402, stack(0x0000743355200000,0x0000743355300000) (1024K)]
  0x00007433683f4780 JavaThread "Active Thread: Equinox Container: d493d7d0-2066-45f3-931c-0f5bfbabbfe5"        [_thread_blocked, id=7416, stack(0x0000743354dfd000,0x0000743354efd000) (1024K)]
  0x0000743368459510 JavaThread "Refresh Thread: Equinox Container: d493d7d0-2066-45f3-931c-0f5bfbabbfe5" daemon [_thread_blocked, id=7417, stack(0x0000743354cfd000,0x0000743354dfd000) (1024K)]
  0x00007432a401b530 JavaThread "Framework Event Dispatcher: Equinox Container: d493d7d0-2066-45f3-931c-0f5bfbabbfe5" daemon [_thread_blocked, id=7418, stack(0x0000743354bfd000,0x0000743354cfd000) (1024K)]
  0x000074336845c560 JavaThread "Start Level: Equinox Container: d493d7d0-2066-45f3-931c-0f5bfbabbfe5" daemon [_thread_blocked, id=7419, stack(0x0000743354afd000,0x0000743354bfd000) (1024K)]
  0x00007432983a53f0 JavaThread "Bundle File Closer"         daemon [_thread_blocked, id=7421, stack(0x00007433549fd000,0x0000743354afd000) (1024K)]
  0x0000743298479330 JavaThread "SCR Component Actor"        daemon [_thread_blocked, id=7429, stack(0x00007433548fd000,0x00007433549fd000) (1024K)]
  0x00007432983ebb20 JavaThread "Worker-JM"                         [_thread_blocked, id=7453, stack(0x00007433546fd000,0x00007433547fd000) (1024K)]
  0x0000743278001c20 JavaThread "Worker-2"                          [_thread_blocked, id=7464, stack(0x00007433543fd000,0x00007433544fd000) (1024K)]
  0x000074326c000ff0 JavaThread "Worker-3"                          [_thread_blocked, id=7465, stack(0x00007433542fd000,0x00007433543fd000) (1024K)]
  0x00007432989c2ed0 JavaThread "Java indexing"              daemon [_thread_blocked, id=7466, stack(0x00007433541fd000,0x00007433542fd000) (1024K)]
  0x000074336811d390 JavaThread "pool-2-thread-1"                   [_thread_blocked, id=7469, stack(0x00007433540fd000,0x00007433541fd000) (1024K)]
  0x0000743368226bd0 JavaThread "WorkspaceEventsHandler"            [_thread_blocked, id=7470, stack(0x000074330cd00000,0x000074330ce00000) (1024K)]
  0x0000743368227b70 JavaThread "pool-1-thread-1"                   [_thread_in_Java, id=7471, stack(0x000074330cc00000,0x000074330cd00000) (1024K)]
  0x00007432ec000ff0 JavaThread "Attach Listener"            daemon [_thread_blocked, id=7790, stack(0x00007433544fd000,0x00007433545fd000) (1024K)]
=>0x00007432d42813c0 JavaThread "C2 CompilerThread1"         daemon [_thread_in_vm, id=99991, stack(0x000074330c500000,0x000074330c600000) (1024K)]
Total: 25

Other Threads:
  0x00007433680e8010 VMThread "VM Thread"                           [id=7383, stack(0x000074336c5f3000,0x000074336c6f3000) (1024K)]
  0x0000743368052290 WatcherThread "VM Periodic Task Thread"        [id=7382, stack(0x000074336d300000,0x000074336d400000) (1024K)]
  0x00007433680433d0 WorkerThread "GC Thread#0"                     [id=7381, stack(0x000074336d900000,0x000074336da00000) (1024K)]
  0x00007432fc0016c0 WorkerThread "GC Thread#1"                     [id=7403, stack(0x0000743355100000,0x0000743355200000) (1024K)]
  0x00007432fc0034c0 WorkerThread "GC Thread#2"                     [id=7404, stack(0x0000743354fff000,0x00007433550ff000) (1024K)]
  0x00007432fc003ed0 WorkerThread "GC Thread#3"                     [id=7405, stack(0x0000743354efe000,0x0000743354ffe000) (1024K)]
Total: 6

Threads with active compile tasks:
C2 CompilerThread1  5039833 9742       4       lombok.launch.PatchFixesHider$Delegate::isDelegateSourceMethod (21 bytes)
Total: 1

VM state: not at safepoint (normal execution)

VM Mutex/Monitor currently owned by a thread: None

Heap address: 0x00000000c0000000, size: 1024 MB, Compressed Oops mode: 32-bit

CDS archive(s) mapped at: [0x000074330d000000-0x000074330dbb8000-0x000074330dbb8000), size 12288000, SharedBaseAddress: 0x000074330d000000, ArchiveRelocationMode: 1.
Compressed class space mapped at: 0x000074330e000000-0x000074334e000000, reserved size: 1073741824
Narrow klass base: 0x000074330d000000, Narrow klass shift: 0, Narrow klass range: 0x100000000

GC Precious Log:
 CardTable entry size: 512
 CPUs: 4 total, 4 available
 Memory: 7822M
 Large Page Support: Disabled
 NUMA Support: Disabled
 Compressed Oops: Enabled (32-bit)
 Alignments: Space 512K, Generation 512K, Heap 2M
 Heap Min Capacity: 100M
 Heap Initial Capacity: 100M
 Heap Max Capacity: 1G
 Pre-touch: Disabled
 Parallel Workers: 4

Heap:
 PSYoungGen      total 6144K, used 3136K [0x00000000eab00000, 0x00000000eb780000, 0x0000000100000000)
  eden space 5632K, 47% used [0x00000000eab00000,0x00000000eada0018,0x00000000eb080000)
  from space 512K, 87% used [0x00000000eb200000,0x00000000eb270000,0x00000000eb280000)
  to   space 2048K, 0% used [0x00000000eb580000,0x00000000eb580000,0x00000000eb780000)
 ParOldGen       total 404992K, used 404592K [0x00000000c0000000, 0x00000000d8b80000, 0x00000000eab00000)
  object space 404992K, 99% used [0x00000000c0000000,0x00000000d8b1c210,0x00000000d8b80000)
 Metaspace       used 60672K, committed 62016K, reserved 1114112K
  class space    used 6314K, committed 6848K, reserved 1048576K

Card table byte_map: [0x000074336da00000,0x000074336dc01000] _byte_map_base: 0x000074336d400000

Marking Bits: (ParMarkBitMap*) 0x000074336f551080
 Begin Bits: [0x000074334e000000, 0x000074334f000000)
 End Bits:   [0x000074334f000000, 0x0000743350000000)

Polling page: 0x000074336f8d6000

Metaspace:

Usage:
  Non-class:     53.08 MB used.
      Class:      6.17 MB used.
       Both:     59.25 MB used.

Virtual space:
  Non-class space:       64.00 MB reserved,      53.88 MB ( 84%) committed,  1 nodes.
      Class space:        1.00 GB reserved,       6.69 MB ( <1%) committed,  1 nodes.
             Both:        1.06 GB reserved,      60.56 MB (  6%) committed. 

Chunk freelists:
   Non-Class:  9.92 MB
       Class:  9.32 MB
        Both:  19.24 MB

MaxMetaspaceSize: unlimited
CompressedClassSpaceSize: 1.00 GB
Initial GC threshold: 21.00 MB
Current GC threshold: 97.31 MB
CDS: on
 - commit_granule_bytes: 65536.
 - commit_granule_words: 8192.
 - virtual_space_node_default_size: 8388608.
 - enlarge_chunks_in_place: 1.
 - use_allocation_guard: 0.


Internal statistics:

num_allocs_failed_limit: 9.
num_arena_births: 1038.
num_arena_deaths: 14.
num_vsnodes_births: 2.
num_vsnodes_deaths: 0.
num_space_committed: 969.
num_space_uncommitted: 0.
num_chunks_returned_to_freelist: 23.
num_chunks_taken_from_freelist: 3811.
num_chunk_merges: 15.
num_chunk_splits: 2374.
num_chunks_enlarged: 1389.
num_inconsistent_stats: 0.

CodeHeap 'non-profiled nmethods': size=120032Kb used=5416Kb max_used=5416Kb free=114615Kb
 bounds [0x000074335d6c8000, 0x000074335dc18000, 0x0000743364c00000]
CodeHeap 'profiled nmethods': size=120028Kb used=18302Kb max_used=18302Kb free=101725Kb
 bounds [0x0000743355c00000, 0x0000743356de0000, 0x000074335d137000]
CodeHeap 'non-nmethods': size=5700Kb used=1408Kb max_used=1520Kb free=4292Kb
 bounds [0x000074335d137000, 0x000074335d3a7000, 0x000074335d6c8000]
 total_blobs=9638 nmethods=8908 adapters=637
 compilation: enabled
              stopped_count=0, restarted_count=0
 full_count=0

Compilation events (20 events):
Event: 5039.540 Thread 0x00007433680f9d30 9733       3       org.eclipse.jdt.internal.core.JarPackageFragment::createElementInfo (5 bytes)
Event: 5039.541 Thread 0x00007433680f9d30 nmethod 9733 0x0000743356ddde90 code [0x0000743356dde060, 0x0000743356dde438]
Event: 5039.542 Thread 0x00007433680f86b0 nmethod 9730 0x000074335dc0ae90 code [0x000074335dc0b020, 0x000074335dc0b1d0]
Event: 5039.542 Thread 0x00007433680f86b0 9734       4       java.lang.ThreadLocal$ThreadLocalMap::getEntryAfterMiss (59 bytes)
Event: 5039.549 Thread 0x00007433680f86b0 nmethod 9734 0x000074335dc0b390 code [0x000074335dc0b520, 0x000074335dc0b6c8]
Event: 5039.549 Thread 0x00007433680f86b0 9735       4       org.eclipse.jdt.internal.core.JavaElement::getElementInfo (27 bytes)
Event: 5039.550 Thread 0x00007433680f9d30 9736       3       org.eclipse.jdt.internal.core.JavaModelManager$10::put (13 bytes)
Event: 5039.553 Thread 0x00007433680f9d30 nmethod 9736 0x0000743356dde610 code [0x0000743356dde7e0, 0x0000743356ddec98]
Event: 5039.553 Thread 0x00007433680f86b0 nmethod 9735 0x000074335dc0b810 code [0x000074335dc0b9c0, 0x000074335dc0bb08]
Event: 5039.555 Thread 0x00007433680f86b0 9737       4       java.lang.CharacterDataLatin1::isDigit (18 bytes)
Event: 5039.556 Thread 0x00007433680f86b0 nmethod 9737 0x000074335dc0bc90 code [0x000074335dc0be00, 0x000074335dc0beb0]
Event: 5039.561 Thread 0x00007433680f86b0 9738       4       org.eclipse.jdt.internal.core.util.Util::localTypeName (51 bytes)
Event: 5039.567 Thread 0x00007432d42813c0 nmethod 9721 0x000074335dc0bf90 code [0x000074335dc0c200, 0x000074335dc0d1e8]
Event: 5039.571 Thread 0x00007432d42813c0 9739       4       org.eclipse.jdt.internal.core.JrtPackageFragmentRoot::equals (69 bytes)
Event: 5039.616 Thread 0x00007432d42813c0 nmethod 9739 0x000074335dc0db90 code [0x000074335dc0dd60, 0x000074335dc0e460]
Event: 5039.616 Thread 0x00007432d42813c0 9741       4       java.util.AbstractList::listIterator (6 bytes)
Event: 5039.616 Thread 0x00007432d42813c0 nmethod 9741 0x000074335dc0e890 code [0x000074335dc0ea20, 0x000074335dc0ead0]
Event: 5039.616 Thread 0x00007432d42813c0 9742       4       lombok.launch.PatchFixesHider$Delegate::isDelegateSourceMethod (21 bytes)
Event: 5039.618 Thread 0x00007433680f86b0 nmethod 9738 0x000074335dc0eb90 code [0x000074335dc0eda0, 0x000074335dc0f6f0]
Event: 5039.618 Thread 0x00007433680f86b0 9740   !   4       java.util.AbstractList$Itr::next (46 bytes)

GC Heap History (20 events):
Event: 40.559 GC heap before
{Heap before GC invocations=227 (full 3):
 PSYoungGen      total 6144K, used 6138K [0x00000000eab00000, 0x00000000eba80000, 0x0000000100000000)
  eden space 3584K, 99% used [0x00000000eab00000,0x00000000eae7e960,0x00000000eae80000)
  from space 2560K, 100% used [0x00000000eaf80000,0x00000000eb200000,0x00000000eb200000)
  to   space 6144K, 0% used [0x00000000eb480000,0x00000000eb480000,0x00000000eba80000)
 ParOldGen       total 385536K, used 385296K [0x00000000c0000000, 0x00000000d7880000, 0x00000000eab00000)
  object space 385536K, 99% used [0x00000000c0000000,0x00000000d78441c8,0x00000000d7880000)
 Metaspace       used 60189K, committed 61440K, reserved 1114112K
  class space    used 6273K, committed 6784K, reserved 1048576K
}
Event: 40.588 GC heap after
{Heap after GC invocations=227 (full 3):
 PSYoungGen      total 4608K, used 547K [0x00000000eab00000, 0x00000000eb580000, 0x0000000100000000)
  eden space 3584K, 0% used [0x00000000eab00000,0x00000000eab00000,0x00000000eae80000)
  from space 1024K, 53% used [0x00000000eb480000,0x00000000eb508de0,0x00000000eb580000)
  to   space 2560K, 0% used [0x00000000eb080000,0x00000000eb080000,0x00000000eb300000)
 ParOldGen       total 388096K, used 387840K [0x00000000c0000000, 0x00000000d7b00000, 0x00000000eab00000)
  object space 388096K, 99% used [0x00000000c0000000,0x00000000d7ac01c8,0x00000000d7b00000)
 Metaspace       used 60189K, committed 61440K, reserved 1114112K
  class space    used 6273K, committed 6784K, reserved 1048576K
}
Event: 40.656 GC heap before
{Heap before GC invocations=228 (full 3):
 PSYoungGen      total 4608K, used 4131K [0x00000000eab00000, 0x00000000eb580000, 0x0000000100000000)
  eden space 3584K, 100% used [0x00000000eab00000,0x00000000eae80000,0x00000000eae80000)
  from space 1024K, 53% used [0x00000000eb480000,0x00000000eb508de0,0x00000000eb580000)
  to   space 2560K, 0% used [0x00000000eb080000,0x00000000eb080000,0x00000000eb300000)
 ParOldGen       total 388096K, used 387840K [0x00000000c0000000, 0x00000000d7b00000, 0x00000000eab00000)
  object space 388096K, 99% used [0x00000000c0000000,0x00000000d7ac01c8,0x00000000d7b00000)
 Metaspace       used 60199K, committed 61440K, reserved 1114112K
  class space    used 6274K, committed 6784K, reserved 1048576K
}
Event: 40.661 GC heap after
{Heap after GC invocations=228 (full 3):
 PSYoungGen      total 6144K, used 1302K [0x00000000eab00000, 0x00000000eb500000, 0x0000000100000000)
  eden space 3584K, 0% used [0x00000000eab00000,0x00000000eab00000,0x00000000eae80000)
  from space 2560K, 50% used [0x00000000eb080000,0x00000000eb1c5840,0x00000000eb300000)
  to   space 1536K, 0% used [0x00000000eb380000,0x00000000eb380000,0x00000000eb500000)
 ParOldGen       total 388608K, used 388396K [0x00000000c0000000, 0x00000000d7b80000, 0x00000000eab00000)
  object space 388608K, 99% used [0x00000000c0000000,0x00000000d7b4b0c8,0x00000000d7b80000)
 Metaspace       used 60199K, committed 61440K, reserved 1114112K
  class space    used 6274K, committed 6784K, reserved 1048576K
}
Event: 40.682 GC heap before
{Heap before GC invocations=229 (full 3):
 PSYoungGen      total 6144K, used 4886K [0x00000000eab00000, 0x00000000eb500000, 0x0000000100000000)
  eden space 3584K, 100% used [0x00000000eab00000,0x00000000eae80000,0x00000000eae80000)
  from space 2560K, 50% used [0x00000000eb080000,0x00000000eb1c5840,0x00000000eb300000)
  to   space 1536K, 0% used [0x00000000eb380000,0x00000000eb380000,0x00000000eb500000)
 ParOldGen       total 388608K, used 388396K [0x00000000c0000000, 0x00000000d7b80000, 0x00000000eab00000)
  object space 388608K, 99% used [0x00000000c0000000,0x00000000d7b4b0c8,0x00000000d7b80000)
 Metaspace       used 60199K, committed 61440K, reserved 1114112K
  class space    used 6274K, committed 6784K, reserved 1048576K
}
Event: 40.690 GC heap after
{Heap after GC invocations=229 (full 3):
 PSYoungGen      total 5120K, used 1248K [0x00000000eab00000, 0x00000000eb500000, 0x0000000100000000)
  eden space 3584K, 0% used [0x00000000eab00000,0x00000000eab00000,0x00000000eae80000)
  from space 1536K, 81% used [0x00000000eb380000,0x00000000eb4b8000,0x00000000eb500000)
  to   space 1536K, 0% used [0x00000000eb200000,0x00000000eb200000,0x00000000eb380000)
 ParOldGen       total 389632K, used 389630K [0x00000000c0000000, 0x00000000d7c80000, 0x00000000eab00000)
  object space 389632K, 99% used [0x00000000c0000000,0x00000000d7c7f918,0x00000000d7c80000)
 Metaspace       used 60199K, committed 61440K, reserved 1114112K
  class space    used 6274K, committed 6784K, reserved 1048576K
}
Event: 40.722 GC heap before
{Heap before GC invocations=230 (full 3):
 PSYoungGen      total 5120K, used 4832K [0x00000000eab00000, 0x00000000eb500000, 0x0000000100000000)
  eden space 3584K, 100% used [0x00000000eab00000,0x00000000eae80000,0x00000000eae80000)
  from space 1536K, 81% used [0x00000000eb380000,0x00000000eb4b8000,0x00000000eb500000)
  to   space 1536K, 0% used [0x00000000eb200000,0x00000000eb200000,0x00000000eb380000)
 ParOldGen       total 389632K, used 389630K [0x00000000c0000000, 0x00000000d7c80000, 0x00000000eab00000)
  object space 389632K, 99% used [0x00000000c0000000,0x00000000d7c7f918,0x00000000d7c80000)
 Metaspace       used 60203K, committed 61440K, reserved 1114112K
  class space    used 6275K, committed 6784K, reserved 1048576K
}
Event: 40.735 GC heap after
{Heap after GC invocations=230 (full 3):
 PSYoungGen      total 5120K, used 1533K [0x00000000eab00000, 0x00000000eb680000, 0x0000000100000000)
  eden space 3584K, 0% used [0x00000000eab00000,0x00000000eab00000,0x00000000eae80000)
  from space 1536K, 99% used [0x00000000eb200000,0x00000000eb37f750,0x00000000eb380000)
  to   space 3072K, 0% used [0x00000000eb380000,0x00000000eb380000,0x00000000eb680000)
 ParOldGen       total 391680K, used 391513K [0x00000000c0000000, 0x00000000d7e80000, 0x00000000eab00000)
  object space 391680K, 99% used [0x00000000c0000000,0x00000000d7e56500,0x00000000d7e80000)
 Metaspace       used 60203K, committed 61440K, reserved 1114112K
  class space    used 6275K, committed 6784K, reserved 1048576K
}
Event: 40.765 GC heap before
{Heap before GC invocations=231 (full 3):
 PSYoungGen      total 5120K, used 5117K [0x00000000eab00000, 0x00000000eb680000, 0x0000000100000000)
  eden space 3584K, 100% used [0x00000000eab00000,0x00000000eae80000,0x00000000eae80000)
  from space 1536K, 99% used [0x00000000eb200000,0x00000000eb37f750,0x00000000eb380000)
  to   space 3072K, 0% used [0x00000000eb380000,0x00000000eb380000,0x00000000eb680000)
 ParOldGen       total 391680K, used 391513K [0x00000000c0000000, 0x00000000d7e80000, 0x00000000eab00000)
  object space 391680K, 99% used [0x00000000c0000000,0x00000000d7e56500,0x00000000d7e80000)
 Metaspace       used 60203K, committed 61440K, reserved 1114112K
  class space    used 6275K, committed 6784K, reserved 1048576K
}
Event: 40.772 GC heap after
{Heap after GC invocations=231 (full 3):
 PSYoungGen      total 6144K, used 3072K [0x00000000eab00000, 0x00000000eb980000, 0x0000000100000000)
  eden space 3072K, 0% used [0x00000000eab00000,0x00000000eab00000,0x00000000eae00000)
  from space 3072K, 100% used [0x00000000eb380000,0x00000000eb680000,0x00000000eb680000)
  to   space 5632K, 0% used [0x00000000eae00000,0x00000000eae00000,0x00000000eb380000)
 ParOldGen       total 393728K, used 393551K [0x00000000c0000000, 0x00000000d8080000, 0x00000000eab00000)
  object space 393728K, 99% used [0x00000000c0000000,0x00000000d8053c50,0x00000000d8080000)
 Metaspace       used 60203K, committed 61440K, reserved 1114112K
  class space    used 6275K, committed 6784K, reserved 1048576K
}
Event: 40.787 GC heap before
{Heap before GC invocations=232 (full 3):
 PSYoungGen      total 6144K, used 6144K [0x00000000eab00000, 0x00000000eb980000, 0x0000000100000000)
  eden space 3072K, 100% used [0x00000000eab00000,0x00000000eae00000,0x00000000eae00000)
  from space 3072K, 100% used [0x00000000eb380000,0x00000000eb680000,0x00000000eb680000)
  to   space 5632K, 0% used [0x00000000eae00000,0x00000000eae00000,0x00000000eb380000)
 ParOldGen       total 393728K, used 393551K [0x00000000c0000000, 0x00000000d8080000, 0x00000000eab00000)
  object space 393728K, 99% used [0x00000000c0000000,0x00000000d8053c50,0x00000000d8080000)
 Metaspace       used 60211K, committed 61504K, reserved 1114112K
  class space    used 6275K, committed 6784K, reserved 1048576K
}
Event: 40.797 GC heap after
{Heap after GC invocations=232 (full 3):
 PSYoungGen      total 6656K, used 3144K [0x00000000eab00000, 0x00000000eb700000, 0x0000000100000000)
  eden space 3072K, 0% used [0x00000000eab00000,0x00000000eab00000,0x00000000eae00000)
  from space 3584K, 87% used [0x00000000eae00000,0x00000000eb112120,0x00000000eb180000)
  to   space 4096K, 0% used [0x00000000eb300000,0x00000000eb300000,0x00000000eb700000)
 ParOldGen       total 396800K, used 396671K [0x00000000c0000000, 0x00000000d8380000, 0x00000000eab00000)
  object space 396800K, 99% used [0x00000000c0000000,0x00000000d835fc50,0x00000000d8380000)
 Metaspace       used 60211K, committed 61504K, reserved 1114112K
  class space    used 6275K, committed 6784K, reserved 1048576K
}
Event: 40.820 GC heap before
{Heap before GC invocations=233 (full 3):
 PSYoungGen      total 6656K, used 6216K [0x00000000eab00000, 0x00000000eb700000, 0x0000000100000000)
  eden space 3072K, 100% used [0x00000000eab00000,0x00000000eae00000,0x00000000eae00000)
  from space 3584K, 87% used [0x00000000eae00000,0x00000000eb112120,0x00000000eb180000)
  to   space 4096K, 0% used [0x00000000eb300000,0x00000000eb300000,0x00000000eb700000)
 ParOldGen       total 396800K, used 396671K [0x00000000c0000000, 0x00000000d8380000, 0x00000000eab00000)
  object space 396800K, 99% used [0x00000000c0000000,0x00000000d835fc50,0x00000000d8380000)
 Metaspace       used 60229K, committed 61504K, reserved 1114112K
  class space    used 6275K, committed 6784K, reserved 1048576K
}
Event: 40.825 GC heap after
{Heap after GC invocations=233 (full 3):
 PSYoungGen      total 6656K, used 2441K [0x00000000eab00000, 0x00000000eb580000, 0x0000000100000000)
  eden space 4096K, 0% used [0x00000000eab00000,0x00000000eab00000,0x00000000eaf00000)
  from space 2560K, 95% used [0x00000000eb300000,0x00000000eb562438,0x00000000eb580000)
  to   space 3072K, 0% used [0x00000000eaf80000,0x00000000eaf80000,0x00000000eb280000)
 ParOldGen       total 398336K, used 398020K [0x00000000c0000000, 0x00000000d8500000, 0x00000000eab00000)
  object space 398336K, 99% used [0x00000000c0000000,0x00000000d84b1178,0x00000000d8500000)
 Metaspace       used 60229K, committed 61504K, reserved 1114112K
  class space    used 6275K, committed 6784K, reserved 1048576K
}
Event: 40.839 GC heap before
{Heap before GC invocations=234 (full 3):
 PSYoungGen      total 6656K, used 6283K [0x00000000eab00000, 0x00000000eb580000, 0x0000000100000000)
  eden space 4096K, 93% used [0x00000000eab00000,0x00000000eaec0a68,0x00000000eaf00000)
  from space 2560K, 95% used [0x00000000eb300000,0x00000000eb562438,0x00000000eb580000)
  to   space 3072K, 0% used [0x00000000eaf80000,0x00000000eaf80000,0x00000000eb280000)
 ParOldGen       total 398336K, used 398020K [0x00000000c0000000, 0x00000000d8500000, 0x00000000eab00000)
  object space 398336K, 99% used [0x00000000c0000000,0x00000000d84b1178,0x00000000d8500000)
 Metaspace       used 60229K, committed 61504K, reserved 1114112K
  class space    used 6275K, committed 6784K, reserved 1048576K
}
Event: 40.852 GC heap after
{Heap after GC invocations=234 (full 3):
 PSYoungGen      total 7680K, used 3067K [0x00000000eab00000, 0x00000000ebe00000, 0x0000000100000000)
  eden space 4608K, 0% used [0x00000000eab00000,0x00000000eab00000,0x00000000eaf80000)
  from space 3072K, 99% used [0x00000000eaf80000,0x00000000eb27ed70,0x00000000eb280000)
  to   space 7168K, 0% used [0x00000000eb700000,0x00000000eb700000,0x00000000ebe00000)
 ParOldGen       total 401408K, used 400985K [0x00000000c0000000, 0x00000000d8800000, 0x00000000eab00000)
  object space 401408K, 99% used [0x00000000c0000000,0x00000000d8796508,0x00000000d8800000)
 Metaspace       used 60229K, committed 61504K, reserved 1114112K
  class space    used 6275K, committed 6784K, reserved 1048576K
}
Event: 40.954 GC heap before
{Heap before GC invocations=235 (full 3):
 PSYoungGen      total 7680K, used 7675K [0x00000000eab00000, 0x00000000ebe00000, 0x0000000100000000)
  eden space 4608K, 100% used [0x00000000eab00000,0x00000000eaf80000,0x00000000eaf80000)
  from space 3072K, 99% used [0x00000000eaf80000,0x00000000eb27ed70,0x00000000eb280000)
  to   space 7168K, 0% used [0x00000000eb700000,0x00000000eb700000,0x00000000ebe00000)
 ParOldGen       total 401408K, used 400985K [0x00000000c0000000, 0x00000000d8800000, 0x00000000eab00000)
  object space 401408K, 99% used [0x00000000c0000000,0x00000000d8796508,0x00000000d8800000)
 Metaspace       used 60235K, committed 61568K, reserved 1114112K
  class space    used 6276K, committed 6848K, reserved 1048576K
}
Event: 40.968 GC heap after
{Heap after GC invocations=235 (full 3):
 PSYoungGen      total 8704K, used 2985K [0x00000000eab00000, 0x00000000eba00000, 0x0000000100000000)
  eden space 5632K, 0% used [0x00000000eab00000,0x00000000eab00000,0x00000000eb080000)
  from space 3072K, 97% used [0x00000000eb700000,0x00000000eb9ea5c0,0x00000000eba00000)
  to   space 4096K, 0% used [0x00000000eb200000,0x00000000eb200000,0x00000000eb600000)
 ParOldGen       total 403456K, used 403296K [0x00000000c0000000, 0x00000000d8a00000, 0x00000000eab00000)
  object space 403456K, 99% used [0x00000000c0000000,0x00000000d89d8060,0x00000000d8a00000)
 Metaspace       used 60235K, committed 61568K, reserved 1114112K
  class space    used 6276K, committed 6848K, reserved 1048576K
}
Event: 5039.283 GC heap before
{Heap before GC invocations=236 (full 3):
 PSYoungGen      total 8704K, used 8544K [0x00000000eab00000, 0x00000000eba00000, 0x0000000100000000)
  eden space 5632K, 98% used [0x00000000eab00000,0x00000000eb06da60,0x00000000eb080000)
  from space 3072K, 97% used [0x00000000eb700000,0x00000000eb9ea5c0,0x00000000eba00000)
  to   space 4096K, 0% used [0x00000000eb200000,0x00000000eb200000,0x00000000eb600000)
 ParOldGen       total 403456K, used 403296K [0x00000000c0000000, 0x00000000d8a00000, 0x00000000eab00000)
  object space 403456K, 99% used [0x00000000c0000000,0x00000000d89d8060,0x00000000d8a00000)
 Metaspace       used 60630K, committed 61952K, reserved 1114112K
  class space    used 6312K, committed 6848K, reserved 1048576K
}
Event: 5039.423 GC heap after
{Heap after GC invocations=236 (full 3):
 PSYoungGen      total 6144K, used 448K [0x00000000eab00000, 0x00000000eb780000, 0x0000000100000000)
  eden space 5632K, 0% used [0x00000000eab00000,0x00000000eab00000,0x00000000eb080000)
  from space 512K, 87% used [0x00000000eb200000,0x00000000eb270000,0x00000000eb280000)
  to   space 2048K, 0% used [0x00000000eb580000,0x00000000eb580000,0x00000000eb780000)
 ParOldGen       total 404992K, used 404592K [0x00000000c0000000, 0x00000000d8b80000, 0x00000000eab00000)
  object space 404992K, 99% used [0x00000000c0000000,0x00000000d8b1c210,0x00000000d8b80000)
 Metaspace       used 60630K, committed 61952K, reserved 1114112K
  class space    used 6312K, committed 6848K, reserved 1048576K
}

Dll operation events (9 events):
Event: 0.004 Loaded shared library /home/datdo/.vscode/extensions/redhat.java-1.39.0-linux-x64/jre/21.0.5-linux-x86_64/lib/libjava.so
Event: 0.123 Loaded shared library /home/datdo/.vscode/extensions/redhat.java-1.39.0-linux-x64/jre/21.0.5-linux-x86_64/lib/libzip.so
Event: 0.165 Loaded shared library /home/datdo/.vscode/extensions/redhat.java-1.39.0-linux-x64/jre/21.0.5-linux-x86_64/lib/libinstrument.so
Event: 0.172 Loaded shared library /home/datdo/.vscode/extensions/redhat.java-1.39.0-linux-x64/jre/21.0.5-linux-x86_64/lib/libnio.so
Event: 0.182 Loaded shared library /home/datdo/.vscode/extensions/redhat.java-1.39.0-linux-x64/jre/21.0.5-linux-x86_64/lib/libzip.so
Event: 0.242 Loaded shared library /home/datdo/.vscode/extensions/redhat.java-1.39.0-linux-x64/jre/21.0.5-linux-x86_64/lib/libjimage.so
Event: 0.384 Loaded shared library /home/datdo/.vscode/extensions/redhat.java-1.39.0-linux-x64/jre/21.0.5-linux-x86_64/lib/libverify.so
Event: 1.845 Loaded shared library /home/datdo/.vscode/extensions/redhat.java-1.39.0-linux-x64/jre/21.0.5-linux-x86_64/lib/libnet.so
Event: 3.103 Loaded shared library /home/datdo/.config/Code/User/globalStorage/redhat.java/1.39.0/config_linux/org.eclipse.equinox.launcher/org.eclipse.equinox.launcher.gtk.linux.x86_64_1.2.1300.v20241223-1657/eclipse_11906.so

Deoptimization events (20 events):
Event: 315.532 Thread 0x000074326c000ff0 DEOPT PACKING pc=0x000074335db715e0 sp=0x00007433543fb430
Event: 315.532 Thread 0x000074326c000ff0 DEOPT UNPACKING pc=0x000074335d18a399 sp=0x00007433543fb408 mode 2
Event: 315.532 Thread 0x000074326c000ff0 Uncommon trap: trap_request=0xffffffde fr.pc=0x000074335db6f904 relative=0x00000000000004a4
Event: 315.532 Thread 0x000074326c000ff0 Uncommon trap: reason=class_check action=maybe_recompile pc=0x000074335db6f904 method=java.io.DataOutputStream.writeInt(I)V @ 19 c2
Event: 315.532 Thread 0x000074326c000ff0 DEOPT PACKING pc=0x000074335db6f904 sp=0x00007433543fb2e0
Event: 315.533 Thread 0x000074326c000ff0 DEOPT UNPACKING pc=0x000074335d18a399 sp=0x00007433543fb2a8 mode 2
Event: 315.533 Thread 0x000074326c000ff0 Uncommon trap: trap_request=0xffffffde fr.pc=0x000074335db6f904 relative=0x00000000000004a4
Event: 315.533 Thread 0x000074326c000ff0 Uncommon trap: reason=class_check action=maybe_recompile pc=0x000074335db6f904 method=java.io.DataOutputStream.writeInt(I)V @ 19 c2
Event: 315.533 Thread 0x000074326c000ff0 DEOPT PACKING pc=0x000074335db6f904 sp=0x00007433543fb280
Event: 315.533 Thread 0x000074326c000ff0 DEOPT UNPACKING pc=0x000074335d18a399 sp=0x00007433543fb248 mode 2
Event: 315.534 Thread 0x000074326c000ff0 Uncommon trap: trap_request=0xffffff45 fr.pc=0x000074335d83de5c relative=0x00000000000001bc
Event: 315.534 Thread 0x000074326c000ff0 Uncommon trap: reason=unstable_if action=reinterpret pc=0x000074335d83de5c method=jdk.internal.org.objectweb.asm.Frame.push(I)V @ 26 c2
Event: 315.534 Thread 0x000074326c000ff0 DEOPT PACKING pc=0x000074335d83de5c sp=0x00007433543f9f90
Event: 315.534 Thread 0x000074326c000ff0 DEOPT UNPACKING pc=0x000074335d18a399 sp=0x00007433543f9f38 mode 2
Event: 5039.083 Thread 0x0000743368227b70 DEOPT PACKING pc=0x0000743355ed1227 sp=0x000074330ccfd350
Event: 5039.083 Thread 0x0000743368227b70 DEOPT UNPACKING pc=0x000074335d18ab2f sp=0x000074330ccfc880 mode 0
Event: 5039.528 Thread 0x0000743368227b70 Uncommon trap: trap_request=0xffffff45 fr.pc=0x000074335dc0a598 relative=0x00000000000004b8
Event: 5039.528 Thread 0x0000743368227b70 Uncommon trap: reason=unstable_if action=reinterpret pc=0x000074335dc0a598 method=org.eclipse.jdt.internal.core.util.Util.indexOfJavaLikeExtension(Ljava/lang/String;)I @ 85 c2
Event: 5039.529 Thread 0x0000743368227b70 DEOPT PACKING pc=0x000074335dc0a598 sp=0x000074330ccfd030
Event: 5039.529 Thread 0x0000743368227b70 DEOPT UNPACKING pc=0x000074335d18a399 sp=0x000074330ccfcfd0 mode 2

Classes loaded (20 events):
Event: 315.507 Loading class java/util/function/LongFunction
Event: 315.507 Loading class java/util/function/LongFunction done
Event: 315.507 Loading class java/util/stream/Nodes$ConcNode
Event: 315.508 Loading class java/util/stream/Nodes$AbstractConcNode
Event: 315.508 Loading class java/util/stream/Nodes$AbstractConcNode done
Event: 315.508 Loading class java/util/stream/Nodes$ConcNode done
Event: 315.519 Loading class java/io/ObjectOutputStream$BlockDataOutputStream
Event: 315.519 Loading class java/io/ObjectOutputStream$BlockDataOutputStream done
Event: 315.519 Loading class java/io/ObjectOutputStream$HandleTable
Event: 315.520 Loading class java/io/ObjectOutputStream$HandleTable done
Event: 315.520 Loading class java/io/ObjectOutputStream$ReplaceTable
Event: 315.520 Loading class java/io/ObjectOutputStream$ReplaceTable done
Event: 315.523 Loading class java/util/stream/IntStream
Event: 315.524 Loading class java/util/stream/IntStream done
Event: 4554.433 Loading class java/util/stream/DistinctOps
Event: 4554.444 Loading class java/util/stream/DistinctOps done
Event: 4554.445 Loading class java/util/stream/DistinctOps$1
Event: 4554.461 Loading class java/util/stream/DistinctOps$1 done
Event: 4554.608 Loading class java/util/stream/DistinctOps$1$2
Event: 4554.612 Loading class java/util/stream/DistinctOps$1$2 done

Classes unloaded (7 events):
Event: 8.206 Thread 0x00007433680e8010 Unloading class 0x000074330e199c00 'java/lang/invoke/LambdaForm$MH+0x000074330e199c00'
Event: 8.206 Thread 0x00007433680e8010 Unloading class 0x000074330e199800 'java/lang/invoke/LambdaForm$MH+0x000074330e199800'
Event: 8.206 Thread 0x00007433680e8010 Unloading class 0x000074330e199400 'java/lang/invoke/LambdaForm$MH+0x000074330e199400'
Event: 8.206 Thread 0x00007433680e8010 Unloading class 0x000074330e199000 'java/lang/invoke/LambdaForm$MH+0x000074330e199000'
Event: 8.206 Thread 0x00007433680e8010 Unloading class 0x000074330e198c00 'java/lang/invoke/LambdaForm$BMH+0x000074330e198c00'
Event: 8.206 Thread 0x00007433680e8010 Unloading class 0x000074330e198800 'java/lang/invoke/LambdaForm$DMH+0x000074330e198800'
Event: 8.206 Thread 0x00007433680e8010 Unloading class 0x000074330e193400 'java/lang/invoke/LambdaForm$DMH+0x000074330e193400'

Classes redefined (0 events):
No events

Internal exceptions (20 events):
Event: 19.675 Thread 0x0000743268001120 Exception <a 'sun/nio/fs/UnixException'{0x00000000ead31778}> (0x00000000ead31778) 
thrown [src/hotspot/share/prims/jni.cpp, line 520]
Event: 19.678 Thread 0x0000743268001120 Exception <a 'sun/nio/fs/UnixException'{0x00000000ead36850}> (0x00000000ead36850) 
thrown [src/hotspot/share/prims/jni.cpp, line 520]
Event: 19.685 Thread 0x0000743268001120 Exception <a 'sun/nio/fs/UnixException'{0x00000000ead47910}> (0x00000000ead47910) 
thrown [src/hotspot/share/prims/jni.cpp, line 520]
Event: 19.706 Thread 0x0000743268001120 Exception <a 'sun/nio/fs/UnixException'{0x00000000eae45800}> (0x00000000eae45800) 
thrown [src/hotspot/share/prims/jni.cpp, line 520]
Event: 20.063 Thread 0x000074326c000ff0 Exception <a 'java/lang/NoSuchMethodError'{0x00000000eabf2010}: 'int java.lang.invoke.DirectMethodHandle$Holder.invokeInterface(java.lang.Object, java.lang.Object)'> (0x00000000eabf2010) 
thrown [src/hotspot/share/interpreter/linkResolver.cpp, line 772]
Event: 20.066 Thread 0x000074326c000ff0 Exception <a 'java/lang/IncompatibleClassChangeError'{0x00000000eabf5278}: Found class java.lang.Object, but interface was expected> (0x00000000eabf5278) 
thrown [src/hotspot/share/interpreter/linkResolver.cpp, line 840]
Event: 23.609 Thread 0x0000743368227b70 Exception <a 'java/io/FileNotFoundException'{0x00000000eac6cd70}> (0x00000000eac6cd70) 
thrown [src/hotspot/share/prims/jni.cpp, line 520]
Event: 23.609 Thread 0x0000743368227b70 Exception <a 'java/io/FileNotFoundException'{0x00000000eac6dcc0}> (0x00000000eac6dcc0) 
thrown [src/hotspot/share/prims/jni.cpp, line 520]
Event: 23.818 Thread 0x0000743368227b70 Exception <a 'java/lang/NoSuchMethodError'{0x00000000eacc78d8}: 'int java.lang.invoke.Invokers$Holder.invokeExact_MT(java.lang.Object, java.lang.Object)'> (0x00000000eacc78d8) 
thrown [src/hotspot/share/interpreter/linkResolver.cpp, line 772]
Event: 24.176 Thread 0x0000743298264080 Exception <a 'java/lang/NoSuchMethodError'{0x00000000eac713a8}: 'java.lang.Object java.lang.invoke.DirectMethodHandle$Holder.invokeSpecial(java.lang.Object, java.lang.Object, int, long)'> (0x00000000eac713a8) 
thrown [src/hotspot/share/interpreter/linkResolver.cpp, line 772]
Event: 24.733 Thread 0x0000743368227b70 Exception <a 'java/lang/IncompatibleClassChangeError'{0x00000000eb39c4b8}: Found class java.lang.Object, but interface was expected> (0x00000000eb39c4b8) 
thrown [src/hotspot/share/interpreter/linkResolver.cpp, line 840]
Event: 24.770 Thread 0x00007432989c2ed0 Implicit null exception at 0x000074335daa852c to 0x000074335daacc10
Event: 27.144 Thread 0x000074326c000ff0 Exception <a 'java/io/FileNotFoundException'{0x00000000eb07bcb0}> (0x00000000eb07bcb0) 
thrown [src/hotspot/share/prims/jni.cpp, line 520]
Event: 27.145 Thread 0x000074326c000ff0 Exception <a 'java/io/FileNotFoundException'{0x00000000eb07c960}> (0x00000000eb07c960) 
thrown [src/hotspot/share/prims/jni.cpp, line 520]
Event: 27.207 Thread 0x000074326c000ff0 Exception <a 'java/lang/NoSuchMethodError'{0x00000000eb2a1908}: 'java.lang.Object java.lang.invoke.DirectMethodHandle$Holder.invokeStatic(java.lang.Object, int, java.lang.Object)'> (0x00000000eb2a1908) 
thrown [src/hotspot/share/interpreter/linkResolver.cpp, line 772]
Event: 27.302 Thread 0x0000743368227b70 Exception <a 'java/lang/IncompatibleClassChangeError'{0x00000000eab035c0}: Found class java.lang.Object, but interface was expected> (0x00000000eab035c0) 
thrown [src/hotspot/share/interpreter/linkResolver.cpp, line 840]
Event: 32.545 Thread 0x00007433683f4780 Implicit null exception at 0x000074335d8e8df3 to 0x000074335d8e90b8
Event: 40.370 Thread 0x00007432989c2ed0 Exception <a 'sun/nio/fs/UnixException'{0x00000000eabaef58}> (0x00000000eabaef58) 
thrown [src/hotspot/share/prims/jni.cpp, line 520]
Event: 40.393 Thread 0x00007432989c2ed0 Implicit null exception at 0x000074335da9f381 to 0x000074335daa1dc4
Event: 315.535 Thread 0x000074326c000ff0 Exception <a 'java/lang/NoSuchMethodError'{0x00000000eae7e3c0}: 'java.lang.Object java.lang.invoke.DirectMethodHandle$Holder.newInvokeSpecial(java.lang.Object, java.lang.Object, java.lang.Object, java.lang.Object, java.lang.Object, java.lang.Object, java.lang.Object, java.lang.Object)'> (0x00000000eae7e3c0) 
thrown [src/hotspot/share/interpreter/linkResolver.cpp, line 772]

ZGC Phase Switch (0 events):
No events

VM Operations (20 events):
Event: 4554.568 Executing VM operation: Cleanup
Event: 4554.568 Executing VM operation: Cleanup done
Event: 4555.568 Executing VM operation: Cleanup
Event: 4555.568 Executing VM operation: Cleanup done
Event: 4616.585 Executing VM operation: Cleanup
Event: 4616.585 Executing VM operation: Cleanup done
Event: 4864.620 Executing VM operation: HandshakeAllThreads (HandshakeForDeflation)
Event: 4864.620 Executing VM operation: HandshakeAllThreads (HandshakeForDeflation) done
Event: 4864.620 Executing VM operation: RendezvousGCThreads
Event: 4864.620 Executing VM operation: RendezvousGCThreads done
Event: 4924.667 Executing VM operation: HandshakeAllThreads (HandshakeForDeflation)
Event: 4924.667 Executing VM operation: HandshakeAllThreads (HandshakeForDeflation) done
Event: 4924.667 Executing VM operation: RendezvousGCThreads
Event: 4924.667 Executing VM operation: RendezvousGCThreads done
Event: 4984.777 Executing VM operation: HandshakeAllThreads (HandshakeForDeflation)
Event: 4984.777 Executing VM operation: HandshakeAllThreads (HandshakeForDeflation) done
Event: 4984.777 Executing VM operation: RendezvousGCThreads
Event: 4984.777 Executing VM operation: RendezvousGCThreads done
Event: 5039.282 Executing VM operation: ParallelGCFailedAllocation (Allocation Failure)
Event: 5039.424 Executing VM operation: ParallelGCFailedAllocation (Allocation Failure) done

Memory protections (20 events):
Event: 16.307 Protecting memory [0x000074330cb00000,0x000074330cb04000] with protection modes 0
Event: 16.312 Protecting memory [0x000074330ca00000,0x000074330ca04000] with protection modes 0
Event: 16.312 Protecting memory [0x000074330c900000,0x000074330c904000] with protection modes 0
Event: 16.348 Protecting memory [0x000074330c800000,0x000074330c804000] with protection modes 0
Event: 16.350 Protecting memory [0x000074330c700000,0x000074330c704000] with protection modes 0
Event: 17.314 Protecting memory [0x000074330c600000,0x000074330c604000] with protection modes 0
Event: 18.088 Protecting memory [0x000074330c500000,0x000074330c504000] with protection modes 0
Event: 18.088 Protecting memory [0x000074330c400000,0x000074330c404000] with protection modes 0
Event: 24.975 Protecting memory [0x000074330c300000,0x000074330c304000] with protection modes 0
Event: 24.980 Protecting memory [0x000074330c200000,0x000074330c204000] with protection modes 0
Event: 27.211 Protecting memory [0x000074330c100000,0x000074330c104000] with protection modes 0
Event: 27.361 Protecting memory [0x000074330c000000,0x000074330c004000] with protection modes 0
Event: 33.667 Protecting memory [0x00007433544fd000,0x0000743354501000] with protection modes 0
Event: 34.940 Protecting memory [0x00007433544fd000,0x0000743354501000] with protection modes 0
Event: 36.081 Protecting memory [0x000074330c100000,0x000074330c104000] with protection modes 0
Event: 38.883 Protecting memory [0x000074330c100000,0x000074330c104000] with protection modes 0
Event: 40.400 Protecting memory [0x000074330c100000,0x000074330c104000] with protection modes 0
Event: 315.503 Protecting memory [0x000074330cb00000,0x000074330cb04000] with protection modes 0
Event: 315.505 Protecting memory [0x000074330c200000,0x000074330c204000] with protection modes 0
Event: 5039.243 Protecting memory [0x000074330c500000,0x000074330c504000] with protection modes 0

Nmethod flushes (20 events):
Event: 25.773 Thread 0x00007433680e8010 flushing  nmethod 0x0000743356449290
Event: 25.773 Thread 0x00007433680e8010 flushing  nmethod 0x0000743356449890
Event: 25.773 Thread 0x00007433680e8010 flushing  nmethod 0x000074335644ac90
Event: 25.773 Thread 0x00007433680e8010 flushing  nmethod 0x000074335644bf10
Event: 25.773 Thread 0x00007433680e8010 flushing  nmethod 0x0000743356454b90
Event: 25.773 Thread 0x00007433680e8010 flushing  nmethod 0x0000743356454f90
Event: 25.773 Thread 0x00007433680e8010 flushing  nmethod 0x0000743356455390
Event: 25.773 Thread 0x00007433680e8010 flushing  nmethod 0x0000743356455990
Event: 25.773 Thread 0x00007433680e8010 flushing  nmethod 0x0000743356455d90
Event: 25.773 Thread 0x00007433680e8010 flushing  nmethod 0x0000743356466390
Event: 25.773 Thread 0x00007433680e8010 flushing  nmethod 0x0000743356468090
Event: 25.773 Thread 0x00007433680e8010 flushing  nmethod 0x0000743356468390
Event: 25.773 Thread 0x00007433680e8010 flushing  nmethod 0x0000743356469310
Event: 25.773 Thread 0x00007433680e8010 flushing  nmethod 0x000074335646e110
Event: 25.773 Thread 0x00007433680e8010 flushing  nmethod 0x000074335646f190
Event: 25.773 Thread 0x00007433680e8010 flushing  nmethod 0x000074335646fa10
Event: 25.773 Thread 0x00007433680e8010 flushing  nmethod 0x0000743356475710
Event: 25.773 Thread 0x00007433680e8010 flushing  nmethod 0x0000743356479490
Event: 25.773 Thread 0x00007433680e8010 flushing  nmethod 0x0000743356479c10
Event: 25.773 Thread 0x00007433680e8010 flushing osr nmethod 0x0000743356484c10

Events (20 events):
Event: 79.673 Thread 0x000074325c159f60 Thread exited: 0x000074325c159f60
Event: 88.607 Thread 0x0000743298257e90 Thread exited: 0x0000743298257e90
Event: 88.641 Thread 0x000074325c000ff0 Thread exited: 0x000074325c000ff0
Event: 100.373 Thread 0x0000743298264080 Thread exited: 0x0000743298264080
Event: 100.987 Thread 0x0000743268107aa0 Thread exited: 0x0000743268107aa0
Event: 100.988 Thread 0x0000743268001120 Thread exited: 0x0000743268001120
Event: 139.673 Thread 0x000074326c123370 Thread exited: 0x000074326c123370
Event: 160.987 Thread 0x000060b537e804e0 Thread exited: 0x000060b537e804e0
Event: 199.673 Thread 0x0000743284002230 Thread exited: 0x0000743284002230
Event: 220.987 Thread 0x00007432680d1670 Thread exited: 0x00007432680d1670
Event: 259.673 Thread 0x0000743284009e00 Thread exited: 0x0000743284009e00
Event: 315.503 Thread 0x000074326c000ff0 Thread added: 0x00007432680d1670
Event: 315.505 Thread 0x00007433680f86b0 Thread added: 0x00007432d8524820
Event: 315.510 Thread 0x00007432680d1670 Thread exited: 0x00007432680d1670
Event: 315.694 Thread 0x00007432d8524820 Thread exited: 0x00007432d8524820
Event: 316.370 Thread 0x000074325c061b00 Thread exited: 0x000074325c061b00
Event: 316.370 Thread 0x000074325c062870 Thread exited: 0x000074325c062870
Event: 318.092 Thread 0x000074325c20f990 Thread exited: 0x000074325c20f990
Event: 318.109 Thread 0x000074325c20e7a0 Thread exited: 0x000074325c20e7a0
Event: 5039.242 Thread 0x00007433680f9d30 Thread added: 0x00007432d42813c0


Dynamic libraries:
c0000000-d8b80000 rw-p 00000000 00:00 0 
d8b80000-eab00000 ---p 00000000 00:00 0 
eab00000-eb780000 rw-p 00000000 00:00 0 
eb780000-100000000 ---p 00000000 00:00 0 
60b5068f8000-60b5068f9000 r-xp 00000000 08:02 6430653                    /home/datdo/.vscode/extensions/redhat.java-1.39.0-linux-x64/jre/21.0.5-linux-x86_64/bin/java
60b5068fa000-60b5068fb000 r--p 00001000 08:02 6430653                    /home/datdo/.vscode/extensions/redhat.java-1.39.0-linux-x64/jre/21.0.5-linux-x86_64/bin/java
60b5068fb000-60b5068fc000 rw-p 00002000 08:02 6430653                    /home/datdo/.vscode/extensions/redhat.java-1.39.0-linux-x64/jre/21.0.5-linux-x86_64/bin/java
60b537e7b000-60b537f06000 rw-p 00000000 00:00 0                          [heap]
743253a00000-74325bed9000 r--s 00000000 08:02 10227932                   /usr/lib/jvm/jdk-21-oracle-x64/lib/modules
74325c000000-74325c47a000 rw-p 00000000 00:00 0 
74325c47a000-743260000000 ---p 00000000 00:00 0 
743260000000-7432600c4000 rw-p 00000000 00:00 0 
7432600c4000-743264000000 ---p 00000000 00:00 0 
743268000000-743268366000 rw-p 00000000 00:00 0 
743268366000-74326c000000 ---p 00000000 00:00 0 
74326c000000-74326c133000 rw-p 00000000 00:00 0 
74326c133000-743270000000 ---p 00000000 00:00 0 
743274000000-743276396000 rw-p 00000000 00:00 0 
743276396000-743278000000 ---p 00000000 00:00 0 
743278000000-74327807e000 rw-p 00000000 00:00 0 
74327807e000-74327c000000 ---p 00000000 00:00 0 
743280000000-743280021000 rw-p 00000000 00:00 0 
743280021000-743284000000 ---p 00000000 00:00 0 
743284000000-7432841b7000 rw-p 00000000 00:00 0 
7432841b7000-743288000000 ---p 00000000 00:00 0 
74328c000000-74328c0a8000 rw-p 00000000 00:00 0 
74328c0a8000-743290000000 ---p 00000000 00:00 0 
743290000000-743290021000 rw-p 00000000 00:00 0 
743290021000-743294000000 ---p 00000000 00:00 0 
743298000000-743298ace000 rw-p 00000000 00:00 0 
743298ace000-74329c000000 ---p 00000000 00:00 0 
74329c000000-74329c024000 rw-p 00000000 00:00 0 
74329c024000-7432a0000000 ---p 00000000 00:00 0 
7432a4000000-7432a4065000 rw-p 00000000 00:00 0 
7432a4065000-7432a8000000 ---p 00000000 00:00 0 
7432a8000000-7432a802f000 rw-p 00000000 00:00 0 
7432a802f000-7432ac000000 ---p 00000000 00:00 0 
7432b0000000-7432b002c000 rw-p 00000000 00:00 0 
7432b002c000-7432b4000000 ---p 00000000 00:00 0 
7432b4000000-7432b4090000 rw-p 00000000 00:00 0 
7432b4090000-7432b8000000 ---p 00000000 00:00 0 
7432bc000000-7432bc021000 rw-p 00000000 00:00 0 
7432bc021000-7432c0000000 ---p 00000000 00:00 0 
7432c0000000-7432c01e5000 rw-p 00000000 00:00 0 
7432c01e5000-7432c4000000 ---p 00000000 00:00 0 
7432c8000000-7432c8a48000 rw-p 00000000 00:00 0 
7432c8a48000-7432cc000000 ---p 00000000 00:00 0 
7432cc000000-7432ccd45000 rw-p 00000000 00:00 0 
7432ccd45000-7432d0000000 ---p 00000000 00:00 0 
7432d4000000-7432d4e86000 rw-p 00000000 00:00 0 
7432d4e86000-7432d8000000 ---p 00000000 00:00 0 
7432d8000000-7432d9c18000 rw-p 00000000 00:00 0 
7432d9c18000-7432dc000000 ---p 00000000 00:00 0 
7432e0000000-7432e0021000 rw-p 00000000 00:00 0 
7432e0021000-7432e4000000 ---p 00000000 00:00 0 
7432e4000000-7432e4021000 rw-p 00000000 00:00 0 
7432e4021000-7432e8000000 ---p 00000000 00:00 0 
7432ec000000-7432ec021000 rw-p 00000000 00:00 0 
7432ec021000-7432f0000000 ---p 00000000 00:00 0 
7432f0000000-7432f0021000 rw-p 00000000 00:00 0 
7432f0021000-7432f4000000 ---p 00000000 00:00 0 
7432f8000000-7432f8021000 rw-p 00000000 00:00 0 
7432f8021000-7432fc000000 ---p 00000000 00:00 0 
7432fc000000-7432fc021000 rw-p 00000000 00:00 0 
7432fc021000-743300000000 ---p 00000000 00:00 0 
743303c00000-743303ee0000 rw-p 00000000 00:00 0 
743304000000-7433043f0000 rw-p 00000000 00:00 0 
7433043f0000-7433047d0000 rw-p 00000000 00:00 0 
7433047d0000-7433048f0000 rw-p 00000000 00:00 0 
7433048f0000-7433049f0000 rw-p 00000000 00:00 0 
7433049f0000-743304af0000 rw-p 00000000 00:00 0 
743304af0000-743304bf0000 rw-p 00000000 00:00 0 
743304bf0000-743305170000 rw-p 00000000 00:00 0 
743305170000-7433051f0000 rw-p 00000000 00:00 0 
7433051f0000-7433058f0000 rw-p 00000000 00:00 0 
7433058f0000-743305cf0000 rw-p 00000000 00:00 0 
743305cf0000-743305df0000 rw-p 00000000 00:00 0 
743305df0000-7433066f0000 rw-p 00000000 00:00 0 
7433066f0000-7433067f0000 rw-p 00000000 00:00 0 
7433067f0000-743307570000 rw-p 00000000 00:00 0 
743307570000-7433075c0000 rw-p 00000000 00:00 0 
7433075c0000-743307600000 ---p 00000000 00:00 0 
743307600000-743307620000 rw-p 00000000 00:00 0 
743307620000-743308000000 ---p 00000000 00:00 0 
743308000000-743308021000 rw-p 00000000 00:00 0 
743308021000-74330c000000 ---p 00000000 00:00 0 
74330c000000-74330c004000 ---p 00000000 00:00 0 
74330c004000-74330c100000 rw-p 00000000 00:00 0 
74330c100000-74330c104000 ---p 00000000 00:00 0 
74330c104000-74330c200000 rw-p 00000000 00:00 0 
74330c200000-74330c204000 ---p 00000000 00:00 0 
74330c204000-74330c300000 rw-p 00000000 00:00 0 
74330c300000-74330c304000 ---p 00000000 00:00 0 
74330c304000-74330c400000 rw-p 00000000 00:00 0 
74330c400000-74330c404000 ---p 00000000 00:00 0 
74330c404000-74330c500000 rw-p 00000000 00:00 0 
74330c500000-74330c504000 ---p 00000000 00:00 0 
74330c504000-74330c600000 rw-p 00000000 00:00 0 
74330c600000-74330c604000 ---p 00000000 00:00 0 
74330c604000-74330c700000 rw-p 00000000 00:00 0 
74330c700000-74330c704000 ---p 00000000 00:00 0 
74330c704000-74330c800000 rw-p 00000000 00:00 0 
74330c800000-74330c804000 ---p 00000000 00:00 0 
74330c804000-74330c900000 rw-p 00000000 00:00 0 
74330c900000-74330c904000 ---p 00000000 00:00 0 
74330c904000-74330ca00000 rw-p 00000000 00:00 0 
74330ca00000-74330ca04000 ---p 00000000 00:00 0 
74330ca04000-74330cb00000 rw-p 00000000 00:00 0 
74330cb00000-74330cb04000 ---p 00000000 00:00 0 
74330cb04000-74330cc00000 rw-p 00000000 00:00 0 
74330cc00000-74330cc04000 ---p 00000000 00:00 0 
74330cc04000-74330cd00000 rw-p 00000000 00:00 0 
74330cd00000-74330cd04000 ---p 00000000 00:00 0 
74330cd04000-74330ce00000 rw-p 00000000 00:00 0 
74330ce00000-74330ce04000 ---p 00000000 00:00 0 
74330ce04000-74330cf00000 rw-p 00000000 00:00 0 
74330cf00000-74330cf04000 ---p 00000000 00:00 0 
74330cf04000-74330d000000 rw-p 00000000 00:00 0 
74330d000000-74330dbb8000 rw-p 00001000 08:02 6442987                    /home/datdo/.vscode/extensions/redhat.java-1.39.0-linux-x64/jre/21.0.5-linux-x86_64/lib/server/classes.jsa
74330dbb8000-74330e000000 ---p 00000000 00:00 0 
74330e000000-74330e030000 rw-p 00000000 00:00 0 
74330e030000-74330e0b0000 rw-p 00000000 00:00 0 
74330e0b0000-74330e0f0000 rw-p 00000000 00:00 0 
74330e0f0000-74330e230000 rw-p 00000000 00:00 0 
74330e230000-74330e270000 rw-p 00000000 00:00 0 
74330e270000-74330e450000 rw-p 00000000 00:00 0 
74330e450000-74330e470000 rw-p 00000000 00:00 0 
74330e470000-74330e6b0000 rw-p 00000000 00:00 0 
74330e6b0000-74334e000000 ---p 00000000 00:00 0 
74334e000000-74335002c000 rw-p 00000000 00:00 0 
74335002c000-743354000000 ---p 00000000 00:00 0 
7433540fd000-743354101000 ---p 00000000 00:00 0 
743354101000-7433541fd000 rw-p 00000000 00:00 0 
7433541fd000-743354201000 ---p 00000000 00:00 0 
743354201000-7433542fd000 rw-p 00000000 00:00 0 
7433542fd000-743354301000 ---p 00000000 00:00 0 
743354301000-7433543fd000 rw-p 00000000 00:00 0 
7433543fd000-743354401000 ---p 00000000 00:00 0 
743354401000-7433544fd000 rw-p 00000000 00:00 0 
7433544fd000-743354501000 ---p 00000000 00:00 0 
743354501000-7433545fd000 rw-p 00000000 00:00 0 
7433545fd000-743354601000 ---p 00000000 00:00 0 
743354601000-7433546fd000 rw-p 00000000 00:00 0 
7433546fd000-743354701000 ---p 00000000 00:00 0 
743354701000-7433547fd000 rw-p 00000000 00:00 0 
7433547fd000-743354801000 ---p 00000000 00:00 0 
743354801000-7433548fd000 rw-p 00000000 00:00 0 
7433548fd000-743354901000 ---p 00000000 00:00 0 
743354901000-7433549fd000 rw-p 00000000 00:00 0 
7433549fd000-743354a01000 ---p 00000000 00:00 0 
743354a01000-743354afd000 rw-p 00000000 00:00 0 
743354afd000-743354b01000 ---p 00000000 00:00 0 
743354b01000-743354bfd000 rw-p 00000000 00:00 0 
743354bfd000-743354c01000 ---p 00000000 00:00 0 
743354c01000-743354cfd000 rw-p 00000000 00:00 0 
743354cfd000-743354d01000 ---p 00000000 00:00 0 
743354d01000-743354dfd000 rw-p 00000000 00:00 0 
743354dfd000-743354e01000 ---p 00000000 00:00 0 
743354e01000-743354efd000 rw-p 00000000 00:00 0 
743354efd000-743354efe000 ---p 00000000 00:00 0 
743354efe000-743354ffe000 rw-p 00000000 00:00 0 
743354ffe000-743354fff000 ---p 00000000 00:00 0 
743354fff000-7433550ff000 rw-p 00000000 00:00 0 
7433550ff000-743355100000 ---p 00000000 00:00 0 
743355100000-743355200000 rw-p 00000000 00:00 0 
743355200000-743355204000 ---p 00000000 00:00 0 
743355204000-743355300000 rw-p 00000000 00:00 0 
743355300000-743355304000 ---p 00000000 00:00 0 
743355304000-743355400000 rw-p 00000000 00:00 0 
743355400000-743355404000 ---p 00000000 00:00 0 
743355404000-743355500000 rw-p 00000000 00:00 0 
743355500000-743355504000 ---p 00000000 00:00 0 
743355504000-743355600000 rw-p 00000000 00:00 0 
743355600000-743355b75000 r--p 00000000 08:02 9701856                    /usr/lib/locale/locale-archive
743355c00000-743356df0000 rwxp 00000000 00:00 0 
743356df0000-74335d137000 ---p 00000000 00:00 0 
74335d137000-74335d3a7000 rwxp 00000000 00:00 0 
74335d3a7000-74335d6c8000 ---p 00000000 00:00 0 
74335d6c8000-74335dc18000 rwxp 00000000 00:00 0 
74335dc18000-743364c00000 ---p 00000000 00:00 0 
743364c00000-743367ecd000 r--s 00000000 08:02 6442977                    /home/datdo/.vscode/extensions/redhat.java-1.39.0-linux-x64/jre/21.0.5-linux-x86_64/lib/modules
743367f00000-743367f04000 ---p 00000000 00:00 0 
743367f04000-743368000000 rw-p 00000000 00:00 0 
743368000000-7433684a6000 rw-p 00000000 00:00 0 
7433684a6000-74336c000000 ---p 00000000 00:00 0 
74336c0f2000-74336c0f6000 ---p 00000000 00:00 0 
74336c0f6000-74336c1f2000 rw-p 00000000 00:00 0 
74336c1f2000-74336c1f6000 ---p 00000000 00:00 0 
74336c1f6000-74336c2f2000 rw-p 00000000 00:00 0 
74336c2f2000-74336c2f6000 ---p 00000000 00:00 0 
74336c2f6000-74336c3f2000 rw-p 00000000 00:00 0 
74336c3f2000-74336c3f6000 ---p 00000000 00:00 0 
74336c3f6000-74336c4f2000 rw-p 00000000 00:00 0 
74336c4f2000-74336c4f6000 ---p 00000000 00:00 0 
74336c4f6000-74336c5f2000 rw-p 00000000 00:00 0 
74336c5f2000-74336c5f3000 ---p 00000000 00:00 0 
74336c5f3000-74336c6f3000 rw-p 00000000 00:00 0 
74336c6f3000-74336d2ff000 rw-p 00000000 00:00 0 
74336d2ff000-74336d300000 ---p 00000000 00:00 0 
74336d300000-74336d400000 rw-p 00000000 00:00 0 
74336d400000-74336d600000 rw-p 00000000 00:00 0 
74336d6cd000-74336d86f000 rw-p 00000000 00:00 0 
74336d86f000-74336d8ff000 ---p 00000000 00:00 0 
74336d8ff000-74336d900000 ---p 00000000 00:00 0 
74336d900000-74336da00000 rw-p 00000000 00:00 0 
74336da00000-74336dac6000 rw-p 00000000 00:00 0 
74336dac6000-74336db55000 ---p 00000000 00:00 0 
74336db55000-74336db5c000 rw-p 00000000 00:00 0 
74336db5c000-74336dc01000 ---p 00000000 00:00 0 
74336dc41000-74336dc4c000 rw-p 00000000 00:00 0 
74336dc4c000-74336dd2c000 ---p 00000000 00:00 0 
74336dd2c000-74336dd50000 rw-p 00000000 00:00 0 
74336dd50000-74336de17000 ---p 00000000 00:00 0 
74336de17000-74336de1b000 ---p 00000000 00:00 0 
74336de1b000-74336df17000 rw-p 00000000 00:00 0 
74336df17000-74336df27000 r--p 00000000 08:02 9701805                    /usr/lib/x86_64-linux-gnu/libm.so.6
74336df27000-74336dfa6000 r-xp 00010000 08:02 9701805                    /usr/lib/x86_64-linux-gnu/libm.so.6
74336dfa6000-74336dffe000 r--p 0008f000 08:02 9701805                    /usr/lib/x86_64-linux-gnu/libm.so.6
74336dffe000-74336dfff000 r--p 000e7000 08:02 9701805                    /usr/lib/x86_64-linux-gnu/libm.so.6
74336dfff000-74336e000000 rw-p 000e8000 08:02 9701805                    /usr/lib/x86_64-linux-gnu/libm.so.6
74336e000000-74336f414000 r-xp 00000000 08:02 6442989                    /home/datdo/.vscode/extensions/redhat.java-1.39.0-linux-x64/jre/21.0.5-linux-x86_64/lib/server/libjvm.so
74336f414000-74336f415000 ---p 01414000 08:02 6442989                    /home/datdo/.vscode/extensions/redhat.java-1.39.0-linux-x64/jre/21.0.5-linux-x86_64/lib/server/libjvm.so
74336f415000-74336f4e9000 r--p 01414000 08:02 6442989                    /home/datdo/.vscode/extensions/redhat.java-1.39.0-linux-x64/jre/21.0.5-linux-x86_64/lib/server/libjvm.so
74336f4e9000-74336f519000 rw-p 014e8000 08:02 6442989                    /home/datdo/.vscode/extensions/redhat.java-1.39.0-linux-x64/jre/21.0.5-linux-x86_64/lib/server/libjvm.so
74336f519000-74336f57f000 rw-p 00000000 00:00 0 
74336f586000-74336f58d000 r--s 00000000 08:02 9701791                    /usr/lib/x86_64-linux-gnu/gconv/gconv-modules.cache
74336f58d000-74336f591000 r--p 00000000 08:02 6429838                    /home/datdo/.config/Code/User/globalStorage/redhat.java/1.39.0/config_linux/org.eclipse.equinox.launcher/org.eclipse.equinox.launcher.gtk.linux.x86_64_1.2.1300.v20241223-1657/eclipse_11906.so
74336f591000-74336f59b000 r-xp 00004000 08:02 6429838                    /home/datdo/.config/Code/User/globalStorage/redhat.java/1.39.0/config_linux/org.eclipse.equinox.launcher/org.eclipse.equinox.launcher.gtk.linux.x86_64_1.2.1300.v20241223-1657/eclipse_11906.so
74336f59b000-74336f59e000 r--p 0000e000 08:02 6429838                    /home/datdo/.config/Code/User/globalStorage/redhat.java/1.39.0/config_linux/org.eclipse.equinox.launcher/org.eclipse.equinox.launcher.gtk.linux.x86_64_1.2.1300.v20241223-1657/eclipse_11906.so
74336f59e000-74336f59f000 r--p 00010000 08:02 6429838                    /home/datdo/.config/Code/User/globalStorage/redhat.java/1.39.0/config_linux/org.eclipse.equinox.launcher/org.eclipse.equinox.launcher.gtk.linux.x86_64_1.2.1300.v20241223-1657/eclipse_11906.so
74336f59f000-74336f5a0000 rw-p 00011000 08:02 6429838                    /home/datdo/.config/Code/User/globalStorage/redhat.java/1.39.0/config_linux/org.eclipse.equinox.launcher/org.eclipse.equinox.launcher.gtk.linux.x86_64_1.2.1300.v20241223-1657/eclipse_11906.so
74336f5a0000-74336f5a1000 rw-p 00000000 00:00 0 
74336f5a1000-74336f5ae000 r-xp 00000000 08:02 6442975                    /home/datdo/.vscode/extensions/redhat.java-1.39.0-linux-x64/jre/21.0.5-linux-x86_64/lib/libverify.so
74336f5ae000-74336f5b0000 r--p 0000c000 08:02 6442975                    /home/datdo/.vscode/extensions/redhat.java-1.39.0-linux-x64/jre/21.0.5-linux-x86_64/lib/libverify.so
74336f5b0000-74336f5b1000 rw-p 0000e000 08:02 6442975                    /home/datdo/.vscode/extensions/redhat.java-1.39.0-linux-x64/jre/21.0.5-linux-x86_64/lib/libverify.so
74336f5b1000-74336f5bd000 r-xp 00000000 08:02 6442967                    /home/datdo/.vscode/extensions/redhat.java-1.39.0-linux-x64/jre/21.0.5-linux-x86_64/lib/libnet.so
74336f5bd000-74336f5be000 r--p 0000b000 08:02 6442967                    /home/datdo/.vscode/extensions/redhat.java-1.39.0-linux-x64/jre/21.0.5-linux-x86_64/lib/libnet.so
74336f5be000-74336f5bf000 rw-p 0000c000 08:02 6442967                    /home/datdo/.vscode/extensions/redhat.java-1.39.0-linux-x64/jre/21.0.5-linux-x86_64/lib/libnet.so
74336f5bf000-74336f600000 rw-p 00000000 00:00 0 
74336f600000-74336f628000 r--p 00000000 08:02 9701802                    /usr/lib/x86_64-linux-gnu/libc.so.6
74336f628000-74336f7b0000 r-xp 00028000 08:02 9701802                    /usr/lib/x86_64-linux-gnu/libc.so.6
74336f7b0000-74336f7ff000 r--p 001b0000 08:02 9701802                    /usr/lib/x86_64-linux-gnu/libc.so.6
74336f7ff000-74336f803000 r--p 001fe000 08:02 9701802                    /usr/lib/x86_64-linux-gnu/libc.so.6
74336f803000-74336f805000 rw-p 00202000 08:02 9701802                    /usr/lib/x86_64-linux-gnu/libc.so.6
74336f805000-74336f812000 rw-p 00000000 00:00 0 
74336f816000-74336f82a000 r-xp 00000000 08:02 6442968                    /home/datdo/.vscode/extensions/redhat.java-1.39.0-linux-x64/jre/21.0.5-linux-x86_64/lib/libnio.so
74336f82a000-74336f82b000 r--p 00013000 08:02 6442968                    /home/datdo/.vscode/extensions/redhat.java-1.39.0-linux-x64/jre/21.0.5-linux-x86_64/lib/libnio.so
74336f82b000-74336f82c000 rw-p 00014000 08:02 6442968                    /home/datdo/.vscode/extensions/redhat.java-1.39.0-linux-x64/jre/21.0.5-linux-x86_64/lib/libnio.so
74336f82c000-74336f847000 r-xp 00000000 08:02 6442976                    /home/datdo/.vscode/extensions/redhat.java-1.39.0-linux-x64/jre/21.0.5-linux-x86_64/lib/libzip.so
74336f847000-74336f848000 r--p 0001a000 08:02 6442976                    /home/datdo/.vscode/extensions/redhat.java-1.39.0-linux-x64/jre/21.0.5-linux-x86_64/lib/libzip.so
74336f848000-74336f849000 rw-p 0001b000 08:02 6442976                    /home/datdo/.vscode/extensions/redhat.java-1.39.0-linux-x64/jre/21.0.5-linux-x86_64/lib/libzip.so
74336f849000-74336f862000 rw-p 00000000 00:00 0 
74336f862000-74336f869000 ---p 00000000 00:00 0 
74336f869000-74336f889000 r-xp 00000000 08:02 6442953                    /home/datdo/.vscode/extensions/redhat.java-1.39.0-linux-x64/jre/21.0.5-linux-x86_64/lib/libjava.so
74336f889000-74336f88a000 ---p 00020000 08:02 6442953                    /home/datdo/.vscode/extensions/redhat.java-1.39.0-linux-x64/jre/21.0.5-linux-x86_64/lib/libjava.so
74336f88a000-74336f88b000 r--p 00020000 08:02 6442953                    /home/datdo/.vscode/extensions/redhat.java-1.39.0-linux-x64/jre/21.0.5-linux-x86_64/lib/libjava.so
74336f88b000-74336f88c000 rw-p 00021000 08:02 6442953                    /home/datdo/.vscode/extensions/redhat.java-1.39.0-linux-x64/jre/21.0.5-linux-x86_64/lib/libjava.so
74336f88c000-74336f88d000 rw-p 00000000 00:00 0 
74336f88d000-74336f897000 r-xp 00000000 08:02 6442948                    /home/datdo/.vscode/extensions/redhat.java-1.39.0-linux-x64/jre/21.0.5-linux-x86_64/lib/libinstrument.so
74336f897000-74336f898000 ---p 0000a000 08:02 6442948                    /home/datdo/.vscode/extensions/redhat.java-1.39.0-linux-x64/jre/21.0.5-linux-x86_64/lib/libinstrument.so
74336f898000-74336f899000 r--p 0000a000 08:02 6442948                    /home/datdo/.vscode/extensions/redhat.java-1.39.0-linux-x64/jre/21.0.5-linux-x86_64/lib/libinstrument.so
74336f899000-74336f89a000 rw-p 0000b000 08:02 6442948                    /home/datdo/.vscode/extensions/redhat.java-1.39.0-linux-x64/jre/21.0.5-linux-x86_64/lib/libinstrument.so
74336f89a000-74336f8b5000 r-xp 00000000 08:02 6442957                    /home/datdo/.vscode/extensions/redhat.java-1.39.0-linux-x64/jre/21.0.5-linux-x86_64/lib/libjimage.so
74336f8b5000-74336f8b6000 ---p 0001b000 08:02 6442957                    /home/datdo/.vscode/extensions/redhat.java-1.39.0-linux-x64/jre/21.0.5-linux-x86_64/lib/libjimage.so
74336f8b6000-74336f8b8000 r--p 0001b000 08:02 6442957                    /home/datdo/.vscode/extensions/redhat.java-1.39.0-linux-x64/jre/21.0.5-linux-x86_64/lib/libjimage.so
74336f8b8000-74336f8b9000 rw-p 0001d000 08:02 6442957                    /home/datdo/.vscode/extensions/redhat.java-1.39.0-linux-x64/jre/21.0.5-linux-x86_64/lib/libjimage.so
74336f8b9000-74336f8ba000 r--p 00000000 08:02 9701816                    /usr/lib/x86_64-linux-gnu/librt.so.1
74336f8ba000-74336f8bb000 r-xp 00001000 08:02 9701816                    /usr/lib/x86_64-linux-gnu/librt.so.1
74336f8bb000-74336f8bc000 r--p 00002000 08:02 9701816                    /usr/lib/x86_64-linux-gnu/librt.so.1
74336f8bc000-74336f8bd000 r--p 00002000 08:02 9701816                    /usr/lib/x86_64-linux-gnu/librt.so.1
74336f8bd000-74336f8be000 rw-p 00003000 08:02 9701816                    /usr/lib/x86_64-linux-gnu/librt.so.1
74336f8be000-74336f8c0000 rw-p 00000000 00:00 0 
74336f8c0000-74336f8c1000 r--p 00000000 08:02 9701804                    /usr/lib/x86_64-linux-gnu/libdl.so.2
74336f8c1000-74336f8c2000 r-xp 00001000 08:02 9701804                    /usr/lib/x86_64-linux-gnu/libdl.so.2
74336f8c2000-74336f8c3000 r--p 00002000 08:02 9701804                    /usr/lib/x86_64-linux-gnu/libdl.so.2
74336f8c3000-74336f8c4000 r--p 00002000 08:02 9701804                    /usr/lib/x86_64-linux-gnu/libdl.so.2
74336f8c4000-74336f8c5000 rw-p 00003000 08:02 9701804                    /usr/lib/x86_64-linux-gnu/libdl.so.2
74336f8c5000-74336f8c6000 r--p 00000000 08:02 9701814                    /usr/lib/x86_64-linux-gnu/libpthread.so.0
74336f8c6000-74336f8c7000 r-xp 00001000 08:02 9701814                    /usr/lib/x86_64-linux-gnu/libpthread.so.0
74336f8c7000-74336f8c8000 r--p 00002000 08:02 9701814                    /usr/lib/x86_64-linux-gnu/libpthread.so.0
74336f8c8000-74336f8c9000 r--p 00002000 08:02 9701814                    /usr/lib/x86_64-linux-gnu/libpthread.so.0
74336f8c9000-74336f8ca000 rw-p 00003000 08:02 9701814                    /usr/lib/x86_64-linux-gnu/libpthread.so.0
74336f8ce000-74336f8d6000 rw-s 00000000 08:02 1720645                    /tmp/hsperfdata_datdo/7379
74336f8d6000-74336f8d7000 ---p 00000000 00:00 0 
74336f8d7000-74336f8d8000 r--p 00000000 00:00 0 
74336f8d8000-74336f8d9000 ---p 00000000 00:00 0 
74336f8d9000-74336f8f2000 r-xp 00000000 08:02 6442958                    /home/datdo/.vscode/extensions/redhat.java-1.39.0-linux-x64/jre/21.0.5-linux-x86_64/lib/libjli.so
74336f8f2000-74336f8f3000 r--p 00018000 08:02 6442958                    /home/datdo/.vscode/extensions/redhat.java-1.39.0-linux-x64/jre/21.0.5-linux-x86_64/lib/libjli.so
74336f8f3000-74336f8f4000 rw-p 00019000 08:02 6442958                    /home/datdo/.vscode/extensions/redhat.java-1.39.0-linux-x64/jre/21.0.5-linux-x86_64/lib/libjli.so
74336f8f4000-74336f8f6000 rw-p 00000000 00:00 0 
74336f8f6000-74336f8f7000 r--p 00000000 08:02 9701799                    /usr/lib/x86_64-linux-gnu/ld-linux-x86-64.so.2
74336f8f7000-74336f922000 r-xp 00001000 08:02 9701799                    /usr/lib/x86_64-linux-gnu/ld-linux-x86-64.so.2
74336f922000-74336f92c000 r--p 0002c000 08:02 9701799                    /usr/lib/x86_64-linux-gnu/ld-linux-x86-64.so.2
74336f92c000-74336f92e000 r--p 00036000 08:02 9701799                    /usr/lib/x86_64-linux-gnu/ld-linux-x86-64.so.2
74336f92e000-74336f930000 rw-p 00038000 08:02 9701799                    /usr/lib/x86_64-linux-gnu/ld-linux-x86-64.so.2
7ffcc82d5000-7ffcc82f7000 rw-p 00000000 00:00 0                          [stack]
7ffcc8351000-7ffcc8355000 r--p 00000000 00:00 0                          [vvar]
7ffcc8355000-7ffcc8357000 r-xp 00000000 00:00 0                          [vdso]
ffffffffff600000-ffffffffff601000 --xp 00000000 00:00 0                  [vsyscall]
Total number of mappings: 299


VM Arguments:
jvm_args: --add-modules=ALL-SYSTEM --add-opens=java.base/java.util=ALL-UNNAMED --add-opens=java.base/java.lang=ALL-UNNAMED --add-opens=java.base/sun.nio.fs=ALL-UNNAMED -Declipse.application=org.eclipse.jdt.ls.core.id1 -Dosgi.bundles.defaultStartLevel=4 -Declipse.product=org.eclipse.jdt.ls.core.product -Djava.import.generatesMetadataFilesAtProjectRoot=false -DDetectVMInstallationsJob.disabled=true -Dfile.encoding=utf8 -XX:+UseParallelGC -XX:GCTimeRatio=4 -XX:AdaptiveSizePolicyWeight=90 -Dsun.zip.disableMemoryMapping=true -Xmx1G -Xms100m -Xlog:disable -javaagent:/home/datdo/.vscode/extensions/redhat.java-1.39.0-linux-x64/lombok/lombok-1.18.34.jar -XX:+HeapDumpOnOutOfMemoryError -XX:HeapDumpPath=/home/datdo/.config/Code/User/workspaceStorage/ed8a8ec1d19a80ae260225c1f06b1e9a/redhat.java -Daether.dependencyCollector.impl=bf 
java_command: /home/datdo/.vscode/extensions/redhat.java-1.39.0-linux-x64/server/plugins/org.eclipse.equinox.launcher_1.6.900.v20240613-2009.jar -configuration /home/datdo/.config/Code/User/globalStorage/redhat.java/1.39.0/config_linux -data /home/datdo/.config/Code/User/workspaceStorage/ed8a8ec1d19a80ae260225c1f06b1e9a/redhat.java/jdt_ws --pipe=/run/user/1000/lsp-46ed341f50f88b8bf7903bedadd0209d.sock
java_class_path (initial): /home/datdo/.vscode/extensions/redhat.java-1.39.0-linux-x64/server/plugins/org.eclipse.equinox.launcher_1.6.900.v20240613-2009.jar
Launcher Type: SUN_STANDARD

[Global flags]
    uintx AdaptiveSizePolicyWeight                 = 90                                        {product} {command line}
     intx CICompilerCount                          = 3                                         {product} {ergonomic}
    uintx GCTimeRatio                              = 4                                         {product} {command line}
     bool HeapDumpOnOutOfMemoryError               = true                                   {manageable} {command line}
    ccstr HeapDumpPath                             = /home/datdo/.config/Code/User/workspaceStorage/ed8a8ec1d19a80ae260225c1f06b1e9a/redhat.java         {manageable} {command line}
   size_t InitialHeapSize                          = 104857600                                 {product} {command line}
   size_t MaxHeapSize                              = 1073741824                                {product} {command line}
   size_t MaxNewSize                               = 357564416                                 {product} {ergonomic}
   size_t MinHeapDeltaBytes                        = 524288                                    {product} {ergonomic}
   size_t MinHeapSize                              = 104857600                                 {product} {command line}
   size_t NewSize                                  = 34603008                                  {product} {ergonomic}
    uintx NonNMethodCodeHeapSize                   = 5832780                                {pd product} {ergonomic}
    uintx NonProfiledCodeHeapSize                  = 122912730                              {pd product} {ergonomic}
   size_t OldSize                                  = 70254592                                  {product} {ergonomic}
    uintx ProfiledCodeHeapSize                     = 122912730                              {pd product} {ergonomic}
    uintx ReservedCodeCacheSize                    = 251658240                              {pd product} {ergonomic}
     bool SegmentedCodeCache                       = true                                      {product} {ergonomic}
   size_t SoftMaxHeapSize                          = 1073741824                             {manageable} {ergonomic}
     bool UseCompressedOops                        = true                           {product lp64_product} {ergonomic}
     bool UseParallelGC                            = true                                      {product} {command line}

Logging:
Log output configuration:
 #0: stdout all=off uptime,level,tags foldmultilines=false
 #1: stderr all=off uptime,level,tags foldmultilines=false

Environment Variables:
JAVA_HOME=/usr/lib/jvm/jdk-21-oracle-x64
PATH=/home/datdo/.local/bin:/home/datdo/.nvm/versions/node/v20.17.0/bin:/opt/apache-maven/bin:/usr/lib/jvm/jdk-21-oracle-x64/bin:/home/datdo/.local/bin:/opt/apache-maven/bin:/usr/lib/jvm/jdk-21-oracle-x64/bin:/usr/local/sbin:/usr/local/bin:/usr/sbin:/usr/bin:/sbin:/bin:/usr/games:/usr/local/games:/snap/bin:/snap/bin:/home/datdo/.dotnet/tools:/home/datdo/.local/bin:/home/datdo/.local/bin:/home/datdo/.local/bin
USERNAME=datdo
SHELL=/bin/bash
DISPLAY=:0
LANG=en_US.UTF-8

Active Locale:
LC_ALL=en_US.UTF-8
LC_COLLATE=en_US.UTF-8
LC_CTYPE=en_US.UTF-8
LC_MESSAGES=en_US.UTF-8
LC_MONETARY=en_US.UTF-8
LC_NUMERIC=en_US.UTF-8
LC_TIME=en_US.UTF-8

Signal Handlers:
   SIGSEGV: crash_handler in libjvm.so, mask=11100100010111111101111111111110, flags=SA_RESTART|SA_SIGINFO, unblocked
    SIGBUS: crash_handler in libjvm.so, mask=11100100010111111101111111111110, flags=SA_RESTART|SA_SIGINFO, unblocked
    SIGFPE: crash_handler in libjvm.so, mask=11100100010111111101111111111110, flags=SA_RESTART|SA_SIGINFO, unblocked
   SIGPIPE: javaSignalHandler in libjvm.so, mask=11100100010111111101111111111110, flags=SA_RESTART|SA_SIGINFO, blocked
   SIGXFSZ: javaSignalHandler in libjvm.so, mask=11100100010111111101111111111110, flags=SA_RESTART|SA_SIGINFO, blocked
    SIGILL: crash_handler in libjvm.so, mask=11100100010111111101111111111110, flags=SA_RESTART|SA_SIGINFO, unblocked
   SIGUSR2: SR_handler in libjvm.so, mask=00000000000000000000000000000000, flags=SA_RESTART|SA_SIGINFO, blocked
    SIGHUP: UserHandler in libjvm.so, mask=11100100010111111101111111111110, flags=SA_RESTART|SA_SIGINFO, blocked
    SIGINT: UserHandler in libjvm.so, mask=11100100010111111101111111111110, flags=SA_RESTART|SA_SIGINFO, blocked
   SIGTERM: UserHandler in libjvm.so, mask=11100100010111111101111111111110, flags=SA_RESTART|SA_SIGINFO, blocked
   SIGQUIT: UserHandler in libjvm.so, mask=11100100010111111101111111111110, flags=SA_RESTART|SA_SIGINFO, blocked
   SIGTRAP: crash_handler in libjvm.so, mask=11100100010111111101111111111110, flags=SA_RESTART|SA_SIGINFO, unblocked


Periodic native trim disabled

---------------  S Y S T E M  ---------------

OS:
DISTRIB_ID=Ubuntu
DISTRIB_RELEASE=24.04
DISTRIB_CODENAME=noble
DISTRIB_DESCRIPTION="Ubuntu 24.04.1 LTS"
uname: Linux 6.8.0-52-generic #53-Ubuntu SMP PREEMPT_DYNAMIC Sat Jan 11 00:06:25 UTC 2025 x86_64
OS uptime: 0 days 1:29 hours
libc: glibc 2.39 NPTL 2.39 
rlimit (soft/hard): STACK 8192k/infinity , CORE 0k/infinity , NPROC 31010/31010 , NOFILE 1048576/1048576 , AS infinity/infinity , CPU infinity/infinity , DATA infinity/infinity , FSIZE infinity/infinity , MEMLOCK 1001260k/1001260k
load average: 4.59 3.81 3.43

/proc/meminfo:
MemTotal:        8010104 kB
MemFree:          477408 kB
MemAvailable:    2109600 kB
Buffers:           56528 kB
Cached:          2432932 kB
SwapCached:       162028 kB
Active:          3825816 kB
Inactive:        2836872 kB
Active(anon):    3129992 kB
Inactive(anon):  1750952 kB
Active(file):     695824 kB
Inactive(file):  1085920 kB
Unevictable:      297128 kB
Mlocked:             104 kB
SwapTotal:       4194300 kB
SwapFree:        2730748 kB
Zswap:                 0 kB
Zswapped:              0 kB
Dirty:              1368 kB
Writeback:             0 kB
AnonPages:       4447756 kB
Mapped:           728764 kB
Shmem:            707028 kB
KReclaimable:     158880 kB
Slab:             369060 kB
SReclaimable:     158880 kB
SUnreclaim:       210180 kB
KernelStack:       23180 kB
PageTables:        60988 kB
SecPageTables:         0 kB
NFS_Unstable:          0 kB
Bounce:                0 kB
WritebackTmp:          0 kB
CommitLimit:     8199352 kB
Committed_AS:   18875980 kB
VmallocTotal:   34359738367 kB
VmallocUsed:       58780 kB
VmallocChunk:          0 kB
Percpu:             4176 kB
HardwareCorrupted:     0 kB
AnonHugePages:         0 kB
ShmemHugePages:        0 kB
ShmemPmdMapped:        0 kB
FileHugePages:         0 kB
FilePmdMapped:         0 kB
Unaccepted:            0 kB
HugePages_Total:       0
HugePages_Free:        0
HugePages_Rsvd:        0
HugePages_Surp:        0
Hugepagesize:       2048 kB
Hugetlb:               0 kB
DirectMap4k:      216048 kB
DirectMap2M:     5953536 kB
DirectMap1G:     3145728 kB

/sys/kernel/mm/transparent_hugepage/enabled: always [madvise] never
/sys/kernel/mm/transparent_hugepage/hpage_pmd_size: 2097152
/sys/kernel/mm/transparent_hugepage/defrag (defrag/compaction efforts parameter): always defer defer+madvise [madvise] never

Process Memory:
Virtual Size: 4781912K (peak: 4781912K)
Resident Set Size: 631616K (peak: 822132K) (anon: 596768K, file: 34848K, shmem: 0K)
Swapped out: 57344K
C-Heap outstanding allocations: 53112K, retained: 88991K
glibc malloc tunables: (default)

/proc/sys/kernel/threads-max (system-wide limit on the number of threads): 62021
/proc/sys/vm/max_map_count (maximum number of memory map areas a process may have): 1048576
/proc/sys/vm/swappiness (control to define how aggressively the kernel swaps out anonymous memory): 60
/proc/sys/kernel/pid_max (system-wide limit on number of process identifiers): 4194304

container (cgroup) information:
container_type: cgroupv2
cpu_cpuset_cpus: not supported
cpu_memory_nodes: not supported
active_processor_count: 4
cpu_quota: not supported
cpu_period: not supported
cpu_shares: not supported
memory_limit_in_bytes: unlimited
memory_and_swap_limit_in_bytes: unlimited
memory_soft_limit_in_bytes: unlimited
memory_usage_in_bytes: 2725616 k
memory_max_usage_in_bytes: not supported
memory_swap_current_in_bytes: 450804 k
memory_swap_max_limit_in_bytes: unlimited
maximum number of tasks: 9303
current number of tasks: 319

Steal ticks since vm start: 0
Steal ticks percentage since vm start:  0.000

CPU: total 4 (initial active 4) (2 cores per cpu, 2 threads per core) family 6 model 78 stepping 3 microcode 0xf0, cx8, cmov, fxsr, ht, mmx, 3dnowpref, sse, sse2, sse3, ssse3, sse4.1, sse4.2, popcnt, lzcnt, tsc, tscinvbit, avx, avx2, aes, erms, clmul, bmi1, bmi2, adx, fma, vzeroupper, clflush, clflushopt, rdtscp, f16c
CPU Model and flags from /proc/cpuinfo:
model name	: Intel(R) Core(TM) i5-6300U CPU @ 2.40GHz
flags		: fpu vme de pse tsc msr pae mce cx8 apic sep mtrr pge mca cmov pat pse36 clflush dts acpi mmx fxsr sse sse2 ss ht tm pbe syscall nx pdpe1gb rdtscp lm constant_tsc art arch_perfmon pebs bts rep_good nopl xtopology nonstop_tsc cpuid aperfmperf pni pclmulqdq dtes64 monitor ds_cpl smx est tm2 ssse3 sdbg fma cx16 xtpr pdcm pcid sse4_1 sse4_2 x2apic movbe popcnt tsc_deadline_timer aes xsave avx f16c rdrand lahf_lm abm 3dnowprefetch cpuid_fault epb pti ssbd ibrs ibpb stibp fsgsbase tsc_adjust bmi1 avx2 smep bmi2 erms invpcid mpx rdseed adx smap clflushopt intel_pt xsaveopt xsavec xgetbv1 xsaves dtherm ida arat pln pts hwp hwp_notify hwp_act_window hwp_epp md_clear flush_l1d arch_capabilities

Online cpus: 0-3
Offline cpus: 
BIOS frequency limitation: <Not Available>
Frequency switch latency (ns): 0
Available cpu frequencies: <Not Available>
Current governor: powersave
Core performance/turbo boost: <Not Available>

Memory: 4k page, physical 8010104k(2108844k free), swap 4194300k(2730748k free)
Page Sizes: 4k

vm_info: OpenJDK 64-Bit Server VM (21.0.5+11-LTS) for linux-amd64 JRE (21.0.5+11-LTS), built on 2024-10-15T00:00:00Z by "admin" with gcc 11.3.0

END.
